<?xml version="1.0" encoding="UTF-8"?>
<!-- Generated by org.testng.reporters.JUnitXMLReporter -->
<testsuite ignored="37" hostname="Yaminis-MacBook-Air.local" failures="1" tests="1" name="Default test" time="57.162" errors="0" timestamp="2022-05-18T00:55:57 PDT">
  <testcase classname="com.tekarch.tests.AutomationScripts" name="testCase2" time="30.818">
    <failure type="java.lang.AssertionError" message="Expected condition failed: waiting for visibility of element located by By.id: userNavLabel (tried for 30 second(s) with 500 milliseconds interval)
Build info: version: &amp;apos;4.1.4&amp;apos;, revision: &amp;apos;535d840ee2&amp;apos;
System info: host: &amp;apos;Yaminis-MacBook-Air.local&amp;apos;, ip: &amp;apos;2600:8802:180c:8c00:380b:cccd:d3eb:2e25%en0&amp;apos;, os.name: &amp;apos;Mac OS X&amp;apos;, os.arch: &amp;apos;x86_64&amp;apos;, os.version: &amp;apos;12.1&amp;apos;, java.version: &amp;apos;11.0.14&amp;apos;
Driver info: org.openqa.selenium.chrome.ChromeDriver
Capabilities {acceptInsecureCerts: false, browserName: chrome, browserVersion: 101.0.4951.64, chrome: {chromedriverVersion: 101.0.4951.41 (93c720db8323..., userDataDir: /var/folders/fc/qxv5mypn205...}, goog:chromeOptions: {debuggerAddress: localhost:55773}, javascriptEnabled: true, networkConnectionEnabled: false, pageLoadStrategy: normal, platform: MAC, platformName: MAC, proxy: Proxy(), se:cdp: ws://localhost:55773/devtoo..., se:cdpVersion: 101.0.4951.64, setWindowRect: true, strictFileInteractability: false, timeouts: {implicit: 0, pageLoad: 300000, script: 30000}, unhandledPromptBehavior: dismiss and notify, webauthn:extension:credBlob: true, webauthn:extension:largeBlob: true, webauthn:virtualAuthenticators: true}
Session ID: c42c81f52c7bed16254871c83d47bd75 expected [false] but found [true]">
      <![CDATA[java.lang.AssertionError: Expected condition failed: waiting for visibility of element located by By.id: userNavLabel (tried for 30 second(s) with 500 milliseconds interval)
Build info: version: '4.1.4', revision: '535d840ee2'
System info: host: 'Yaminis-MacBook-Air.local', ip: '2600:8802:180c:8c00:380b:cccd:d3eb:2e25%en0', os.name: 'Mac OS X', os.arch: 'x86_64', os.version: '12.1', java.version: '11.0.14'
Driver info: org.openqa.selenium.chrome.ChromeDriver
Capabilities {acceptInsecureCerts: false, browserName: chrome, browserVersion: 101.0.4951.64, chrome: {chromedriverVersion: 101.0.4951.41 (93c720db8323..., userDataDir: /var/folders/fc/qxv5mypn205...}, goog:chromeOptions: {debuggerAddress: localhost:55773}, javascriptEnabled: true, networkConnectionEnabled: false, pageLoadStrategy: normal, platform: MAC, platformName: MAC, proxy: Proxy(), se:cdp: ws://localhost:55773/devtoo..., se:cdpVersion: 101.0.4951.64, setWindowRect: true, strictFileInteractability: false, timeouts: {implicit: 0, pageLoad: 300000, script: 30000}, unhandledPromptBehavior: dismiss and notify, webauthn:extension:credBlob: true, webauthn:extension:largeBlob: true, webauthn:virtualAuthenticators: true}
Session ID: c42c81f52c7bed16254871c83d47bd75 expected [false] but found [true]
at org.testng.Assert.fail(Assert.java:99)
at org.testng.Assert.failNotEquals(Assert.java:1037)
at org.testng.Assert.assertFalse(Assert.java:67)
at com.tekarch.tests.AutomationScripts.testCase2(AutomationScripts.java:65)
at java.base/jdk.internal.reflect.NativeMethodAccessorImpl.invoke0(Native Method)
at java.base/jdk.internal.reflect.NativeMethodAccessorImpl.invoke(NativeMethodAccessorImpl.java:62)
at java.base/jdk.internal.reflect.DelegatingMethodAccessorImpl.invoke(DelegatingMethodAccessorImpl.java:43)
at java.base/java.lang.reflect.Method.invoke(Method.java:566)
at org.testng.internal.MethodInvocationHelper.invokeMethod(MethodInvocationHelper.java:133)
at org.testng.internal.TestInvoker.invokeMethod(TestInvoker.java:598)
at org.testng.internal.TestInvoker.invokeTestMethod(TestInvoker.java:173)
at org.testng.internal.MethodRunner.runInSequence(MethodRunner.java:46)
at org.testng.internal.TestInvoker$MethodInvocationAgent.invoke(TestInvoker.java:824)
at org.testng.internal.TestInvoker.invokeTestMethods(TestInvoker.java:146)
at org.testng.internal.TestMethodWorker.invokeTestMethods(TestMethodWorker.java:146)
at org.testng.internal.TestMethodWorker.run(TestMethodWorker.java:128)
at java.base/java.util.ArrayList.forEach(ArrayList.java:1541)
at org.testng.TestRunner.privateRun(TestRunner.java:794)
at org.testng.TestRunner.run(TestRunner.java:596)
at org.testng.SuiteRunner.runTest(SuiteRunner.java:377)
at org.testng.SuiteRunner.runSequentially(SuiteRunner.java:371)
at org.testng.SuiteRunner.privateRun(SuiteRunner.java:332)
at org.testng.SuiteRunner.run(SuiteRunner.java:276)
at org.testng.SuiteRunnerWorker.runSuite(SuiteRunnerWorker.java:53)
at org.testng.SuiteRunnerWorker.run(SuiteRunnerWorker.java:96)
at org.testng.TestNG.runSuitesSequentially(TestNG.java:1212)
at org.testng.TestNG.runSuitesLocally(TestNG.java:1134)
at org.testng.TestNG.runSuites(TestNG.java:1063)
at org.testng.TestNG.run(TestNG.java:1031)
at org.testng.remote.AbstractRemoteTestNG.run(AbstractRemoteTestNG.java:115)
at org.testng.remote.RemoteTestNG.initAndRun(RemoteTestNG.java:251)
at org.testng.remote.RemoteTestNG.main(RemoteTestNG.java:77)
]]>
    </failure>
  </testcase> <!-- testCase2 -->
  <testcase classname="com.tekarch.tests.AutomationScripts" name="testCase12" time="0.0">
    <ignored/>
  </testcase> <!-- testCase12 -->
  <testcase classname="com.tekarch.tests.AutomationScripts" name="testCase34" time="0.0">
    <ignored/>
  </testcase> <!-- testCase34 -->
  <testcase classname="com.tekarch.tests.AutomationScripts" name="testCase31" time="0.0">
    <ignored/>
  </testcase> <!-- testCase31 -->
  <testcase classname="com.tekarch.tests.AutomationScripts" name="testCase14" time="0.0">
    <ignored/>
  </testcase> <!-- testCase14 -->
  <testcase classname="com.tekarch.tests.AutomationScripts" name="testCase36" time="0.0">
    <ignored/>
  </testcase> <!-- testCase36 -->
  <testcase classname="com.tekarch.tests.AutomationScripts" name="testCase11" time="0.0">
    <ignored/>
  </testcase> <!-- testCase11 -->
  <testcase classname="com.tekarch.tests.AutomationScripts" name="testCase33" time="0.0">
    <ignored/>
  </testcase> <!-- testCase33 -->
  <testcase classname="com.tekarch.tests.AutomationScripts" name="testCase16" time="0.0">
    <ignored/>
  </testcase> <!-- testCase16 -->
  <testcase classname="com.tekarch.tests.AutomationScripts" name="testCase13" time="0.0">
    <ignored/>
  </testcase> <!-- testCase13 -->
  <testcase classname="com.tekarch.tests.AutomationScripts" name="testCase35" time="0.0">
    <ignored/>
  </testcase> <!-- testCase35 -->
  <testcase classname="com.tekarch.tests.AutomationScripts" name="testCase15" time="0.0">
    <ignored/>
  </testcase> <!-- testCase15 -->
  <testcase classname="com.tekarch.tests.AutomationScripts" name="testCase37" time="0.0">
    <ignored/>
  </testcase> <!-- testCase37 -->
  <testcase classname="com.tekarch.tests.AutomationScripts" name="testCase17" time="0.0">
    <ignored/>
  </testcase> <!-- testCase17 -->
  <testcase classname="com.tekarch.tests.AutomationScripts" name="testCase19" time="0.0">
    <ignored/>
  </testcase> <!-- testCase19 -->
  <testcase classname="com.tekarch.tests.AutomationScripts" name="testCase4a" time="0.0">
    <ignored/>
  </testcase> <!-- testCase4a -->
  <testcase classname="com.tekarch.tests.AutomationScripts" name="testCase10" time="0.0">
    <ignored/>
  </testcase> <!-- testCase10 -->
  <testcase classname="com.tekarch.tests.AutomationScripts" name="testCase32" time="0.0">
    <ignored/>
  </testcase> <!-- testCase32 -->
  <testcase classname="com.tekarch.tests.AutomationScripts" name="testCase4b" time="0.0">
    <ignored/>
  </testcase> <!-- testCase4b -->
  <testcase classname="com.tekarch.tests.AutomationScripts" name="testCase18" time="0.0">
    <ignored/>
  </testcase> <!-- testCase18 -->
  <testcase classname="com.tekarch.tests.AutomationScripts" name="testCase23" time="0.0">
    <ignored/>
  </testcase> <!-- testCase23 -->
  <testcase classname="com.tekarch.tests.AutomationScripts" name="testCase8" time="0.0">
    <ignored/>
  </testcase> <!-- testCase8 -->
  <testcase classname="com.tekarch.tests.AutomationScripts" name="testCase20" time="0.0">
    <ignored/>
  </testcase> <!-- testCase20 -->
  <testcase classname="com.tekarch.tests.AutomationScripts" name="testCase6" time="0.0">
    <ignored/>
  </testcase> <!-- testCase6 -->
  <testcase classname="com.tekarch.tests.AutomationScripts" name="testCase25" time="0.0">
    <ignored/>
  </testcase> <!-- testCase25 -->
  <testcase classname="com.tekarch.tests.AutomationScripts" name="testCase22" time="0.0">
    <ignored/>
  </testcase> <!-- testCase22 -->
  <testcase classname="com.tekarch.tests.AutomationScripts" name="testCase9" time="0.0">
    <ignored/>
  </testcase> <!-- testCase9 -->
  <testcase classname="com.tekarch.tests.AutomationScripts" name="testCase27" time="0.0">
    <ignored/>
  </testcase> <!-- testCase27 -->
  <testcase classname="com.tekarch.tests.AutomationScripts" name="testCase7" time="0.0">
    <ignored/>
  </testcase> <!-- testCase7 -->
  <testcase classname="com.tekarch.tests.AutomationScripts" name="testCase24" time="0.0">
    <ignored/>
  </testcase> <!-- testCase24 -->
  <testcase classname="com.tekarch.tests.AutomationScripts" name="testCase26" time="0.0">
    <ignored/>
  </testcase> <!-- testCase26 -->
  <testcase classname="com.tekarch.tests.AutomationScripts" name="testCase5" time="0.0">
    <ignored/>
  </testcase> <!-- testCase5 -->
  <testcase classname="com.tekarch.tests.AutomationScripts" name="testCase3" time="0.0">
    <ignored/>
  </testcase> <!-- testCase3 -->
  <testcase classname="com.tekarch.tests.AutomationScripts" name="testCase28" time="0.0">
    <ignored/>
  </testcase> <!-- testCase28 -->
  <testcase classname="com.tekarch.tests.AutomationScripts" name="testCase21" time="0.0">
    <ignored/>
  </testcase> <!-- testCase21 -->
  <testcase classname="com.tekarch.tests.AutomationScripts" name="testCase29" time="0.0">
    <ignored/>
  </testcase> <!-- testCase29 -->
  <testcase classname="com.tekarch.tests.AutomationScripts" name="testCase1" time="0.0">
    <ignored/>
  </testcase> <!-- testCase1 -->
  <testcase classname="com.tekarch.tests.AutomationScripts" name="testCase30" time="0.0">
    <ignored/>
  </testcase> <!-- testCase30 -->
</testsuite> <!-- Default test -->
