<?xml version="1.0" encoding="UTF-8"?>
<!-- Generated by org.testng.reporters.JUnitXMLReporter -->
<testsuite ignored="37" hostname="Yaminis-MacBook-Air.local" failures="1" tests="1" name="TestFirefox" time="39.162" errors="0" timestamp="2022-05-18T23:18:49 PDT">
  <testcase classname="com.tekarch.businessfunctions.BaseClass" name="@BeforeMethod setUp" time="1.985">
    <failure type="org.openqa.selenium.SessionNotCreatedException" message="Could not start a new session. Response code 500. Message: Could not create a session: The Safari instance is already paired with another WebDriver session.
Build info: version: &amp;apos;4.1.4&amp;apos;, revision: &amp;apos;535d840ee2&amp;apos;
System info: host: &amp;apos;Yaminis-MacBook-Air.local&amp;apos;, ip: &amp;apos;2600:8802:180c:8c00:dcfb:454a:9884:b63%en0&amp;apos;, os.name: &amp;apos;Mac OS X&amp;apos;, os.arch: &amp;apos;x86_64&amp;apos;, os.version: &amp;apos;12.1&amp;apos;, java.version: &amp;apos;11.0.14&amp;apos;
Driver info: org.openqa.selenium.safari.SafariDriver
Command: [null, newSession {capabilities=[Capabilities {browserName: safari}], desiredCapabilities=Capabilities {browserName: safari}}]
Capabilities {}">
      <![CDATA[org.openqa.selenium.SessionNotCreatedException: Could not start a new session. Response code 500. Message: Could not create a session: The Safari instance is already paired with another WebDriver session.
Build info: version: '4.1.4', revision: '535d840ee2'
System info: host: 'Yaminis-MacBook-Air.local', ip: '2600:8802:180c:8c00:dcfb:454a:9884:b63%en0', os.name: 'Mac OS X', os.arch: 'x86_64', os.version: '12.1', java.version: '11.0.14'
Driver info: org.openqa.selenium.safari.SafariDriver
Command: [null, newSession {capabilities=[Capabilities {browserName: safari}], desiredCapabilities=Capabilities {browserName: safari}}]
Capabilities {}
at org.openqa.selenium.remote.ProtocolHandshake.createSession(ProtocolHandshake.java:126)
at org.openqa.selenium.remote.ProtocolHandshake.createSession(ProtocolHandshake.java:84)
at org.openqa.selenium.remote.ProtocolHandshake.createSession(ProtocolHandshake.java:62)
at org.openqa.selenium.remote.HttpCommandExecutor.execute(HttpCommandExecutor.java:156)
at org.openqa.selenium.remote.service.DriverCommandExecutor.invokeExecute(DriverCommandExecutor.java:167)
at org.openqa.selenium.remote.service.DriverCommandExecutor.execute(DriverCommandExecutor.java:142)
at org.openqa.selenium.remote.RemoteWebDriver.execute(RemoteWebDriver.java:567)
at org.openqa.selenium.remote.RemoteWebDriver.startSession(RemoteWebDriver.java:248)
at org.openqa.selenium.remote.RemoteWebDriver.<init>(RemoteWebDriver.java:164)
at org.openqa.selenium.safari.SafariDriver.<init>(SafariDriver.java:90)
at org.openqa.selenium.safari.SafariDriver.<init>(SafariDriver.java:72)
at org.openqa.selenium.safari.SafariDriver.<init>(SafariDriver.java:50)
at com.tekarch.businessfunctions.BaseClass.getDriver(BaseClass.java:69)
at com.tekarch.businessfunctions.BaseClass.setUp(BaseClass.java:42)
at java.base/java.util.ArrayList.forEach(ArrayList.java:1541)
at java.base/java.util.concurrent.FutureTask.run(FutureTask.java:264)
at java.base/java.util.concurrent.ThreadPoolExecutor.runWorker(ThreadPoolExecutor.java:1128)
at java.base/java.util.concurrent.ThreadPoolExecutor$Worker.run(ThreadPoolExecutor.java:628)
at java.base/java.lang.Thread.run(Thread.java:829)
... Removed 22 stack frames]]>
    </failure>
  </testcase> <!-- @BeforeMethod setUp -->
  <testcase classname="com.tekarch.businessfunctions.BaseClass" name="@AfterMethod tearDown" time="-1.65294109292E9">
    <skipped/>
  </testcase> <!-- @AfterMethod tearDown -->
  <testcase classname="com.tekarch.tests.AutomationScripts" name="testCase2" time="30.296">
    <failure type="java.lang.AssertionError" message="Expected condition failed: waiting for visibility of element located by By.id: userNavLabel (tried for 30 second(s) with 500 milliseconds interval)
Build info: version: &amp;apos;4.1.4&amp;apos;, revision: &amp;apos;535d840ee2&amp;apos;
System info: host: &amp;apos;Yaminis-MacBook-Air.local&amp;apos;, ip: &amp;apos;2600:8802:180c:8c00:dcfb:454a:9884:b63%en0&amp;apos;, os.name: &amp;apos;Mac OS X&amp;apos;, os.arch: &amp;apos;x86_64&amp;apos;, os.version: &amp;apos;12.1&amp;apos;, java.version: &amp;apos;11.0.14&amp;apos;
Driver info: org.openqa.selenium.firefox.FirefoxDriver
Capabilities {acceptInsecureCerts: true, browserName: firefox, browserVersion: 100.0, javascriptEnabled: true, moz:accessibilityChecks: false, moz:buildID: 20220428192727, moz:debuggerAddress: localhost:59988, moz:geckodriverVersion: 0.31.0, moz:headless: false, moz:processID: 4197, moz:profile: /var/folders/fc/qxv5mypn205..., moz:shutdownTimeout: 60000, moz:useNonSpecCompliantPointerOrigin: false, moz:webdriverClick: true, pageLoadStrategy: normal, platform: MAC, platformName: MAC, platformVersion: 21.2.0, proxy: Proxy(), se:cdp: ws://localhost:59988/devtoo..., se:cdpVersion: 85.0, setWindowRect: true, strictFileInteractability: false, timeouts: {implicit: 0, pageLoad: 300000, script: 30000}, unhandledPromptBehavior: dismiss and notify}
Session ID: 8867f3e2-b75c-4259-abc5-a416ff83f0f2 expected [false] but found [true]">
      <![CDATA[java.lang.AssertionError: Expected condition failed: waiting for visibility of element located by By.id: userNavLabel (tried for 30 second(s) with 500 milliseconds interval)
Build info: version: '4.1.4', revision: '535d840ee2'
System info: host: 'Yaminis-MacBook-Air.local', ip: '2600:8802:180c:8c00:dcfb:454a:9884:b63%en0', os.name: 'Mac OS X', os.arch: 'x86_64', os.version: '12.1', java.version: '11.0.14'
Driver info: org.openqa.selenium.firefox.FirefoxDriver
Capabilities {acceptInsecureCerts: true, browserName: firefox, browserVersion: 100.0, javascriptEnabled: true, moz:accessibilityChecks: false, moz:buildID: 20220428192727, moz:debuggerAddress: localhost:59988, moz:geckodriverVersion: 0.31.0, moz:headless: false, moz:processID: 4197, moz:profile: /var/folders/fc/qxv5mypn205..., moz:shutdownTimeout: 60000, moz:useNonSpecCompliantPointerOrigin: false, moz:webdriverClick: true, pageLoadStrategy: normal, platform: MAC, platformName: MAC, platformVersion: 21.2.0, proxy: Proxy(), se:cdp: ws://localhost:59988/devtoo..., se:cdpVersion: 85.0, setWindowRect: true, strictFileInteractability: false, timeouts: {implicit: 0, pageLoad: 300000, script: 30000}, unhandledPromptBehavior: dismiss and notify}
Session ID: 8867f3e2-b75c-4259-abc5-a416ff83f0f2 expected [false] but found [true]
at com.tekarch.tests.AutomationScripts.testCase2(AutomationScripts.java:64)
at java.base/java.util.ArrayList.forEach(ArrayList.java:1541)
at java.base/java.util.concurrent.FutureTask.run(FutureTask.java:264)
at java.base/java.util.concurrent.ThreadPoolExecutor.runWorker(ThreadPoolExecutor.java:1128)
at java.base/java.util.concurrent.ThreadPoolExecutor$Worker.run(ThreadPoolExecutor.java:628)
at java.base/java.lang.Thread.run(Thread.java:829)
... Removed 21 stack frames]]>
    </failure>
  </testcase> <!-- testCase2 -->
  <testcase classname="com.tekarch.tests.AutomationScripts" name="testCase12" time="0.0">
    <ignored/>
  </testcase> <!-- testCase12 -->
  <testcase classname="com.tekarch.tests.AutomationScripts" name="testCase34" time="0.0">
    <ignored/>
  </testcase> <!-- testCase34 -->
  <testcase classname="com.tekarch.tests.AutomationScripts" name="testCase31" time="0.0">
    <ignored/>
  </testcase> <!-- testCase31 -->
  <testcase classname="com.tekarch.tests.AutomationScripts" name="testCase14" time="0.0">
    <ignored/>
  </testcase> <!-- testCase14 -->
  <testcase classname="com.tekarch.tests.AutomationScripts" name="testCase36" time="0.0">
    <ignored/>
  </testcase> <!-- testCase36 -->
  <testcase classname="com.tekarch.tests.AutomationScripts" name="testCase11" time="0.0">
    <ignored/>
  </testcase> <!-- testCase11 -->
  <testcase classname="com.tekarch.tests.AutomationScripts" name="testCase33" time="0.0">
    <ignored/>
  </testcase> <!-- testCase33 -->
  <testcase classname="com.tekarch.tests.AutomationScripts" name="testCase16" time="0.0">
    <ignored/>
  </testcase> <!-- testCase16 -->
  <testcase classname="com.tekarch.tests.AutomationScripts" name="testCase13" time="0.0">
    <ignored/>
  </testcase> <!-- testCase13 -->
  <testcase classname="com.tekarch.tests.AutomationScripts" name="testCase35" time="0.0">
    <ignored/>
  </testcase> <!-- testCase35 -->
  <testcase classname="com.tekarch.tests.AutomationScripts" name="testCase15" time="0.0">
    <ignored/>
  </testcase> <!-- testCase15 -->
  <testcase classname="com.tekarch.tests.AutomationScripts" name="testCase37" time="0.0">
    <ignored/>
  </testcase> <!-- testCase37 -->
  <testcase classname="com.tekarch.tests.AutomationScripts" name="testCase17" time="0.0">
    <ignored/>
  </testcase> <!-- testCase17 -->
  <testcase classname="com.tekarch.tests.AutomationScripts" name="testCase19" time="0.0">
    <ignored/>
  </testcase> <!-- testCase19 -->
  <testcase classname="com.tekarch.tests.AutomationScripts" name="testCase4a" time="0.0">
    <ignored/>
  </testcase> <!-- testCase4a -->
  <testcase classname="com.tekarch.tests.AutomationScripts" name="testCase10" time="0.0">
    <ignored/>
  </testcase> <!-- testCase10 -->
  <testcase classname="com.tekarch.tests.AutomationScripts" name="testCase32" time="0.0">
    <ignored/>
  </testcase> <!-- testCase32 -->
  <testcase classname="com.tekarch.tests.AutomationScripts" name="testCase4b" time="0.0">
    <ignored/>
  </testcase> <!-- testCase4b -->
  <testcase classname="com.tekarch.tests.AutomationScripts" name="testCase18" time="0.0">
    <ignored/>
  </testcase> <!-- testCase18 -->
  <testcase classname="com.tekarch.tests.AutomationScripts" name="testCase23" time="0.0">
    <ignored/>
  </testcase> <!-- testCase23 -->
  <testcase classname="com.tekarch.tests.AutomationScripts" name="testCase8" time="0.0">
    <ignored/>
  </testcase> <!-- testCase8 -->
  <testcase classname="com.tekarch.tests.AutomationScripts" name="testCase20" time="0.0">
    <ignored/>
  </testcase> <!-- testCase20 -->
  <testcase classname="com.tekarch.tests.AutomationScripts" name="testCase6" time="0.0">
    <ignored/>
  </testcase> <!-- testCase6 -->
  <testcase classname="com.tekarch.tests.AutomationScripts" name="testCase25" time="0.0">
    <ignored/>
  </testcase> <!-- testCase25 -->
  <testcase classname="com.tekarch.tests.AutomationScripts" name="testCase22" time="0.0">
    <ignored/>
  </testcase> <!-- testCase22 -->
  <testcase classname="com.tekarch.tests.AutomationScripts" name="testCase9" time="0.0">
    <ignored/>
  </testcase> <!-- testCase9 -->
  <testcase classname="com.tekarch.tests.AutomationScripts" name="testCase27" time="0.0">
    <ignored/>
  </testcase> <!-- testCase27 -->
  <testcase classname="com.tekarch.tests.AutomationScripts" name="testCase7" time="0.0">
    <ignored/>
  </testcase> <!-- testCase7 -->
  <testcase classname="com.tekarch.tests.AutomationScripts" name="testCase24" time="0.0">
    <ignored/>
  </testcase> <!-- testCase24 -->
  <testcase classname="com.tekarch.tests.AutomationScripts" name="testCase26" time="0.0">
    <ignored/>
  </testcase> <!-- testCase26 -->
  <testcase classname="com.tekarch.tests.AutomationScripts" name="testCase5" time="0.0">
    <ignored/>
  </testcase> <!-- testCase5 -->
  <testcase classname="com.tekarch.tests.AutomationScripts" name="testCase3" time="0.0">
    <ignored/>
  </testcase> <!-- testCase3 -->
  <testcase classname="com.tekarch.tests.AutomationScripts" name="testCase28" time="0.0">
    <ignored/>
  </testcase> <!-- testCase28 -->
  <testcase classname="com.tekarch.tests.AutomationScripts" name="testCase21" time="0.0">
    <ignored/>
  </testcase> <!-- testCase21 -->
  <testcase classname="com.tekarch.tests.AutomationScripts" name="testCase29" time="0.0">
    <ignored/>
  </testcase> <!-- testCase29 -->
  <testcase classname="com.tekarch.tests.AutomationScripts" name="testCase1" time="0.0">
    <ignored/>
  </testcase> <!-- testCase1 -->
  <testcase classname="com.tekarch.tests.AutomationScripts" name="testCase30" time="0.0">
    <ignored/>
  </testcase> <!-- testCase30 -->
</testsuite> <!-- TestFirefox -->
