<?xml version="1.0" encoding="UTF-8"?>
<testng-results ignored="0" total="38" passed="36" failed="2" skipped="0">
  <reporter-output>
  </reporter-output>
  <suite started-at="2022-05-19T00:44:25 PDT" name="SalesForceTesting" finished-at="2022-05-19T00:59:41 PDT" duration-ms="915941">
    <groups>
    </groups>
    <test started-at="2022-05-19T00:44:25 PDT" name="TestChrome" finished-at="2022-05-19T00:59:41 PDT" duration-ms="915941">
      <class name="com.tekarch.tests.AutomationScripts">
        <test-method is-config="true" signature="setUp(java.lang.reflect.Method,java.lang.String)[pri:0, instance:com.tekarch.tests.AutomationScripts@2ed2d9cb]" started-at="2022-05-19T00:44:25 PDT" name="setUp" finished-at="2022-05-19T00:44:31 PDT" duration-ms="5616" status="PASS">
          <params>
            <param index="0">
              <value>
                <![CDATA[public static void com.tekarch.tests.AutomationScripts.testCase1() throws java.io.IOException]]>
              </value>
            </param>
            <param index="1">
              <value>
                <![CDATA[chrome]]>
              </value>
            </param>
          </params>
          <reporter-output>
          </reporter-output>
        </test-method> <!-- setUp -->
        <test-method signature="testCase1()[pri:0, instance:com.tekarch.tests.AutomationScripts@2ed2d9cb]" started-at="2022-05-19T00:44:31 PDT" name="testCase1" finished-at="2022-05-19T00:44:36 PDT" duration-ms="5321" status="PASS">
          <reporter-output>
          </reporter-output>
        </test-method> <!-- testCase1 -->
        <test-method is-config="true" signature="tearDown()[pri:0, instance:com.tekarch.tests.AutomationScripts@2ed2d9cb]" started-at="2022-05-19T00:44:36 PDT" name="tearDown" finished-at="2022-05-19T00:44:38 PDT" duration-ms="2138" status="PASS">
          <reporter-output>
          </reporter-output>
        </test-method> <!-- tearDown -->
        <test-method is-config="true" signature="setUp(java.lang.reflect.Method,java.lang.String)[pri:0, instance:com.tekarch.tests.AutomationScripts@2ed2d9cb]" started-at="2022-05-19T00:44:38 PDT" name="setUp" finished-at="2022-05-19T00:44:48 PDT" duration-ms="10083" status="PASS">
          <params>
            <param index="0">
              <value>
                <![CDATA[public static void com.tekarch.tests.AutomationScripts.testCase2() throws java.io.IOException]]>
              </value>
            </param>
            <param index="1">
              <value>
                <![CDATA[chrome]]>
              </value>
            </param>
          </params>
          <reporter-output>
          </reporter-output>
        </test-method> <!-- setUp -->
        <test-method signature="testCase2()[pri:1, instance:com.tekarch.tests.AutomationScripts@2ed2d9cb]" started-at="2022-05-19T00:44:48 PDT" name="testCase2" finished-at="2022-05-19T00:44:52 PDT" duration-ms="3521" status="PASS">
          <reporter-output>
          </reporter-output>
        </test-method> <!-- testCase2 -->
        <test-method is-config="true" signature="tearDown()[pri:0, instance:com.tekarch.tests.AutomationScripts@2ed2d9cb]" started-at="2022-05-19T00:44:52 PDT" name="tearDown" finished-at="2022-05-19T00:44:54 PDT" duration-ms="2137" status="PASS">
          <reporter-output>
          </reporter-output>
        </test-method> <!-- tearDown -->
        <test-method is-config="true" signature="setUp(java.lang.reflect.Method,java.lang.String)[pri:0, instance:com.tekarch.tests.AutomationScripts@2ed2d9cb]" started-at="2022-05-19T00:44:54 PDT" name="setUp" finished-at="2022-05-19T00:44:56 PDT" duration-ms="2400" status="PASS">
          <params>
            <param index="0">
              <value>
                <![CDATA[public static void com.tekarch.tests.AutomationScripts.testCase3() throws java.lang.InterruptedException,java.io.IOException]]>
              </value>
            </param>
            <param index="1">
              <value>
                <![CDATA[chrome]]>
              </value>
            </param>
          </params>
          <reporter-output>
          </reporter-output>
        </test-method> <!-- setUp -->
        <test-method signature="testCase3()[pri:2, instance:com.tekarch.tests.AutomationScripts@2ed2d9cb]" started-at="2022-05-19T00:44:56 PDT" name="testCase3" finished-at="2022-05-19T00:45:12 PDT" duration-ms="15679" status="PASS">
          <reporter-output>
          </reporter-output>
        </test-method> <!-- testCase3 -->
        <test-method is-config="true" signature="tearDown()[pri:0, instance:com.tekarch.tests.AutomationScripts@2ed2d9cb]" started-at="2022-05-19T00:45:12 PDT" name="tearDown" finished-at="2022-05-19T00:45:14 PDT" duration-ms="2114" status="PASS">
          <reporter-output>
          </reporter-output>
        </test-method> <!-- tearDown -->
        <test-method is-config="true" signature="setUp(java.lang.reflect.Method,java.lang.String)[pri:0, instance:com.tekarch.tests.AutomationScripts@2ed2d9cb]" started-at="2022-05-19T00:45:14 PDT" name="setUp" finished-at="2022-05-19T00:45:16 PDT" duration-ms="2206" status="PASS">
          <params>
            <param index="0">
              <value>
                <![CDATA[public static void com.tekarch.tests.AutomationScripts.testCase4a() throws java.io.IOException]]>
              </value>
            </param>
            <param index="1">
              <value>
                <![CDATA[chrome]]>
              </value>
            </param>
          </params>
          <reporter-output>
          </reporter-output>
        </test-method> <!-- setUp -->
        <test-method signature="testCase4a()[pri:3, instance:com.tekarch.tests.AutomationScripts@2ed2d9cb]" started-at="2022-05-19T00:45:16 PDT" name="testCase4a" finished-at="2022-05-19T00:45:20 PDT" duration-ms="3604" status="PASS">
          <reporter-output>
          </reporter-output>
        </test-method> <!-- testCase4a -->
        <test-method is-config="true" signature="tearDown()[pri:0, instance:com.tekarch.tests.AutomationScripts@2ed2d9cb]" started-at="2022-05-19T00:45:20 PDT" name="tearDown" finished-at="2022-05-19T00:45:22 PDT" duration-ms="2119" status="PASS">
          <reporter-output>
          </reporter-output>
        </test-method> <!-- tearDown -->
        <test-method is-config="true" signature="setUp(java.lang.reflect.Method,java.lang.String)[pri:0, instance:com.tekarch.tests.AutomationScripts@2ed2d9cb]" started-at="2022-05-19T00:45:22 PDT" name="setUp" finished-at="2022-05-19T00:45:24 PDT" duration-ms="2070" status="PASS">
          <params>
            <param index="0">
              <value>
                <![CDATA[public static void com.tekarch.tests.AutomationScripts.testCase4b() throws java.lang.InterruptedException,java.io.IOException]]>
              </value>
            </param>
            <param index="1">
              <value>
                <![CDATA[chrome]]>
              </value>
            </param>
          </params>
          <reporter-output>
          </reporter-output>
        </test-method> <!-- setUp -->
        <test-method signature="testCase4b()[pri:4, instance:com.tekarch.tests.AutomationScripts@2ed2d9cb]" started-at="2022-05-19T00:45:24 PDT" name="testCase4b" finished-at="2022-05-19T00:45:31 PDT" duration-ms="6666" status="PASS">
          <reporter-output>
          </reporter-output>
        </test-method> <!-- testCase4b -->
        <test-method is-config="true" signature="tearDown()[pri:0, instance:com.tekarch.tests.AutomationScripts@2ed2d9cb]" started-at="2022-05-19T00:45:31 PDT" name="tearDown" finished-at="2022-05-19T00:45:33 PDT" duration-ms="2117" status="PASS">
          <reporter-output>
          </reporter-output>
        </test-method> <!-- tearDown -->
        <test-method is-config="true" signature="setUp(java.lang.reflect.Method,java.lang.String)[pri:0, instance:com.tekarch.tests.AutomationScripts@2ed2d9cb]" started-at="2022-05-19T00:45:33 PDT" name="setUp" finished-at="2022-05-19T00:45:42 PDT" duration-ms="8602" status="PASS">
          <params>
            <param index="0">
              <value>
                <![CDATA[public static void com.tekarch.tests.AutomationScripts.testCase5() throws java.io.IOException]]>
              </value>
            </param>
            <param index="1">
              <value>
                <![CDATA[chrome]]>
              </value>
            </param>
          </params>
          <reporter-output>
          </reporter-output>
        </test-method> <!-- setUp -->
        <test-method signature="testCase5()[pri:5, instance:com.tekarch.tests.AutomationScripts@2ed2d9cb]" started-at="2022-05-19T00:45:42 PDT" name="testCase5" finished-at="2022-05-19T00:45:45 PDT" duration-ms="3463" status="PASS">
          <reporter-output>
          </reporter-output>
        </test-method> <!-- testCase5 -->
        <test-method is-config="true" signature="tearDown()[pri:0, instance:com.tekarch.tests.AutomationScripts@2ed2d9cb]" started-at="2022-05-19T00:45:45 PDT" name="tearDown" finished-at="2022-05-19T00:45:47 PDT" duration-ms="2121" status="PASS">
          <reporter-output>
          </reporter-output>
        </test-method> <!-- tearDown -->
        <test-method is-config="true" signature="setUp(java.lang.reflect.Method,java.lang.String)[pri:0, instance:com.tekarch.tests.AutomationScripts@2ed2d9cb]" started-at="2022-05-19T00:45:47 PDT" name="setUp" finished-at="2022-05-19T00:45:57 PDT" duration-ms="9837" status="PASS">
          <params>
            <param index="0">
              <value>
                <![CDATA[public static void com.tekarch.tests.AutomationScripts.testCase6() throws java.lang.InterruptedException,java.io.IOException]]>
              </value>
            </param>
            <param index="1">
              <value>
                <![CDATA[chrome]]>
              </value>
            </param>
          </params>
          <reporter-output>
          </reporter-output>
        </test-method> <!-- setUp -->
        <test-method signature="testCase6()[pri:6, instance:com.tekarch.tests.AutomationScripts@2ed2d9cb]" started-at="2022-05-19T00:45:57 PDT" name="testCase6" finished-at="2022-05-19T00:46:54 PDT" duration-ms="57466" status="PASS">
          <reporter-output>
          </reporter-output>
        </test-method> <!-- testCase6 -->
        <test-method is-config="true" signature="tearDown()[pri:0, instance:com.tekarch.tests.AutomationScripts@2ed2d9cb]" started-at="2022-05-19T00:46:54 PDT" name="tearDown" finished-at="2022-05-19T00:46:57 PDT" duration-ms="2173" status="PASS">
          <reporter-output>
          </reporter-output>
        </test-method> <!-- tearDown -->
        <test-method is-config="true" signature="setUp(java.lang.reflect.Method,java.lang.String)[pri:0, instance:com.tekarch.tests.AutomationScripts@2ed2d9cb]" started-at="2022-05-19T00:46:57 PDT" name="setUp" finished-at="2022-05-19T00:47:08 PDT" duration-ms="11533" status="PASS">
          <params>
            <param index="0">
              <value>
                <![CDATA[public static void com.tekarch.tests.AutomationScripts.testCase7() throws java.lang.InterruptedException,java.io.IOException]]>
              </value>
            </param>
            <param index="1">
              <value>
                <![CDATA[chrome]]>
              </value>
            </param>
          </params>
          <reporter-output>
          </reporter-output>
        </test-method> <!-- setUp -->
        <test-method signature="testCase7()[pri:7, instance:com.tekarch.tests.AutomationScripts@2ed2d9cb]" started-at="2022-05-19T00:47:08 PDT" name="testCase7" finished-at="2022-05-19T00:47:30 PDT" duration-ms="21529" status="PASS">
          <reporter-output>
          </reporter-output>
        </test-method> <!-- testCase7 -->
        <test-method is-config="true" signature="tearDown()[pri:0, instance:com.tekarch.tests.AutomationScripts@2ed2d9cb]" started-at="2022-05-19T00:47:30 PDT" name="tearDown" finished-at="2022-05-19T00:47:32 PDT" duration-ms="2116" status="PASS">
          <reporter-output>
          </reporter-output>
        </test-method> <!-- tearDown -->
        <test-method is-config="true" signature="setUp(java.lang.reflect.Method,java.lang.String)[pri:0, instance:com.tekarch.tests.AutomationScripts@2ed2d9cb]" started-at="2022-05-19T00:47:32 PDT" name="setUp" finished-at="2022-05-19T00:47:40 PDT" duration-ms="8495" status="PASS">
          <params>
            <param index="0">
              <value>
                <![CDATA[public static void com.tekarch.tests.AutomationScripts.testCase8() throws java.lang.InterruptedException,java.io.IOException]]>
              </value>
            </param>
            <param index="1">
              <value>
                <![CDATA[chrome]]>
              </value>
            </param>
          </params>
          <reporter-output>
          </reporter-output>
        </test-method> <!-- setUp -->
        <test-method signature="testCase8()[pri:8, instance:com.tekarch.tests.AutomationScripts@2ed2d9cb]" started-at="2022-05-19T00:47:40 PDT" name="testCase8" finished-at="2022-05-19T00:47:50 PDT" duration-ms="10079" status="PASS">
          <reporter-output>
          </reporter-output>
        </test-method> <!-- testCase8 -->
        <test-method is-config="true" signature="tearDown()[pri:0, instance:com.tekarch.tests.AutomationScripts@2ed2d9cb]" started-at="2022-05-19T00:47:50 PDT" name="tearDown" finished-at="2022-05-19T00:47:53 PDT" duration-ms="2102" status="PASS">
          <reporter-output>
          </reporter-output>
        </test-method> <!-- tearDown -->
        <test-method is-config="true" signature="setUp(java.lang.reflect.Method,java.lang.String)[pri:0, instance:com.tekarch.tests.AutomationScripts@2ed2d9cb]" started-at="2022-05-19T00:47:53 PDT" name="setUp" finished-at="2022-05-19T00:48:00 PDT" duration-ms="7781" status="PASS">
          <params>
            <param index="0">
              <value>
                <![CDATA[public static void com.tekarch.tests.AutomationScripts.testCase9() throws java.io.IOException]]>
              </value>
            </param>
            <param index="1">
              <value>
                <![CDATA[chrome]]>
              </value>
            </param>
          </params>
          <reporter-output>
          </reporter-output>
        </test-method> <!-- setUp -->
        <test-method signature="testCase9()[pri:9, instance:com.tekarch.tests.AutomationScripts@2ed2d9cb]" started-at="2022-05-19T00:48:00 PDT" name="testCase9" finished-at="2022-05-19T00:48:08 PDT" duration-ms="7977" status="PASS">
          <reporter-output>
          </reporter-output>
        </test-method> <!-- testCase9 -->
        <test-method is-config="true" signature="tearDown()[pri:0, instance:com.tekarch.tests.AutomationScripts@2ed2d9cb]" started-at="2022-05-19T00:48:08 PDT" name="tearDown" finished-at="2022-05-19T00:48:10 PDT" duration-ms="2123" status="PASS">
          <reporter-output>
          </reporter-output>
        </test-method> <!-- tearDown -->
        <test-method is-config="true" signature="setUp(java.lang.reflect.Method,java.lang.String)[pri:0, instance:com.tekarch.tests.AutomationScripts@2ed2d9cb]" started-at="2022-05-19T00:48:10 PDT" name="setUp" finished-at="2022-05-19T00:48:21 PDT" duration-ms="10289" status="PASS">
          <params>
            <param index="0">
              <value>
                <![CDATA[public static void com.tekarch.tests.AutomationScripts.testCase10() throws java.lang.InterruptedException,java.io.IOException]]>
              </value>
            </param>
            <param index="1">
              <value>
                <![CDATA[chrome]]>
              </value>
            </param>
          </params>
          <reporter-output>
          </reporter-output>
        </test-method> <!-- setUp -->
        <test-method signature="testCase10()[pri:10, instance:com.tekarch.tests.AutomationScripts@2ed2d9cb]" started-at="2022-05-19T00:48:21 PDT" name="testCase10" finished-at="2022-05-19T00:48:35 PDT" duration-ms="14202" status="PASS">
          <reporter-output>
          </reporter-output>
        </test-method> <!-- testCase10 -->
        <test-method is-config="true" signature="tearDown()[pri:0, instance:com.tekarch.tests.AutomationScripts@2ed2d9cb]" started-at="2022-05-19T00:48:35 PDT" name="tearDown" finished-at="2022-05-19T00:48:37 PDT" duration-ms="2125" status="PASS">
          <reporter-output>
          </reporter-output>
        </test-method> <!-- tearDown -->
        <test-method is-config="true" signature="setUp(java.lang.reflect.Method,java.lang.String)[pri:0, instance:com.tekarch.tests.AutomationScripts@2ed2d9cb]" started-at="2022-05-19T00:48:37 PDT" name="setUp" finished-at="2022-05-19T00:48:47 PDT" duration-ms="9897" status="PASS">
          <params>
            <param index="0">
              <value>
                <![CDATA[public static void com.tekarch.tests.AutomationScripts.testCase11() throws java.lang.InterruptedException,java.io.IOException]]>
              </value>
            </param>
            <param index="1">
              <value>
                <![CDATA[chrome]]>
              </value>
            </param>
          </params>
          <reporter-output>
          </reporter-output>
        </test-method> <!-- setUp -->
        <test-method signature="testCase11()[pri:11, instance:com.tekarch.tests.AutomationScripts@2ed2d9cb]" started-at="2022-05-19T00:48:47 PDT" name="testCase11" finished-at="2022-05-19T00:48:59 PDT" duration-ms="12132" status="PASS">
          <reporter-output>
          </reporter-output>
        </test-method> <!-- testCase11 -->
        <test-method is-config="true" signature="tearDown()[pri:0, instance:com.tekarch.tests.AutomationScripts@2ed2d9cb]" started-at="2022-05-19T00:48:59 PDT" name="tearDown" finished-at="2022-05-19T00:49:01 PDT" duration-ms="2123" status="PASS">
          <reporter-output>
          </reporter-output>
        </test-method> <!-- tearDown -->
        <test-method is-config="true" signature="setUp(java.lang.reflect.Method,java.lang.String)[pri:0, instance:com.tekarch.tests.AutomationScripts@2ed2d9cb]" started-at="2022-05-19T00:49:01 PDT" name="setUp" finished-at="2022-05-19T00:49:10 PDT" duration-ms="8845" status="PASS">
          <params>
            <param index="0">
              <value>
                <![CDATA[public static void com.tekarch.tests.AutomationScripts.testCase12() throws java.lang.InterruptedException,java.io.IOException]]>
              </value>
            </param>
            <param index="1">
              <value>
                <![CDATA[chrome]]>
              </value>
            </param>
          </params>
          <reporter-output>
          </reporter-output>
        </test-method> <!-- setUp -->
        <test-method signature="testCase12()[pri:12, instance:com.tekarch.tests.AutomationScripts@2ed2d9cb]" started-at="2022-05-19T00:49:10 PDT" name="testCase12" finished-at="2022-05-19T00:49:24 PDT" duration-ms="13930" status="PASS">
          <reporter-output>
          </reporter-output>
        </test-method> <!-- testCase12 -->
        <test-method is-config="true" signature="tearDown()[pri:0, instance:com.tekarch.tests.AutomationScripts@2ed2d9cb]" started-at="2022-05-19T00:49:24 PDT" name="tearDown" finished-at="2022-05-19T00:49:26 PDT" duration-ms="2121" status="PASS">
          <reporter-output>
          </reporter-output>
        </test-method> <!-- tearDown -->
        <test-method is-config="true" signature="setUp(java.lang.reflect.Method,java.lang.String)[pri:0, instance:com.tekarch.tests.AutomationScripts@2ed2d9cb]" started-at="2022-05-19T00:49:26 PDT" name="setUp" finished-at="2022-05-19T00:49:36 PDT" duration-ms="10209" status="PASS">
          <params>
            <param index="0">
              <value>
                <![CDATA[public static void com.tekarch.tests.AutomationScripts.testCase13() throws java.lang.InterruptedException,java.io.IOException]]>
              </value>
            </param>
            <param index="1">
              <value>
                <![CDATA[chrome]]>
              </value>
            </param>
          </params>
          <reporter-output>
          </reporter-output>
        </test-method> <!-- setUp -->
        <test-method signature="testCase13()[pri:13, instance:com.tekarch.tests.AutomationScripts@2ed2d9cb]" started-at="2022-05-19T00:49:36 PDT" name="testCase13" finished-at="2022-05-19T00:49:54 PDT" duration-ms="18096" status="FAIL">
          <exception class="java.lang.AssertionError">
            <message>
              <![CDATA[no such alert
  (Session info: chrome=101.0.4951.64)
Build info: version: '4.1.4', revision: '535d840ee2'
System info: host: 'Yaminis-MacBook-Air.local', ip: '2600:8802:180c:8c00:dcfb:454a:9884:b63%en0', os.name: 'Mac OS X', os.arch: 'x86_64', os.version: '12.1', java.version: '11.0.14'
Driver info: org.openqa.selenium.chrome.ChromeDriver
Command: [ca5699126570aeff4c33ed8ace803bcd, getAlertText {}]
Capabilities {acceptInsecureCerts: false, browserName: chrome, browserVersion: 101.0.4951.64, chrome: {chromedriverVersion: 101.0.4951.41 (93c720db8323..., userDataDir: /var/folders/fc/qxv5mypn205...}, goog:chromeOptions: {debuggerAddress: localhost:52526}, javascriptEnabled: true, networkConnectionEnabled: false, pageLoadStrategy: normal, platform: MAC, platformName: MAC, proxy: Proxy(), se:cdp: ws://localhost:52526/devtoo..., se:cdpVersion: 101.0.4951.64, setWindowRect: true, strictFileInteractability: false, timeouts: {implicit: 0, pageLoad: 300000, script: 30000}, unhandledPromptBehavior: dismiss and notify, webauthn:extension:credBlob: true, webauthn:extension:largeBlob: true, webauthn:virtualAuthenticators: true}
Session ID: ca5699126570aeff4c33ed8ace803bcd expected [false] but found [true]]]>
            </message>
            <full-stacktrace>
              <![CDATA[java.lang.AssertionError: no such alert
  (Session info: chrome=101.0.4951.64)
Build info: version: '4.1.4', revision: '535d840ee2'
System info: host: 'Yaminis-MacBook-Air.local', ip: '2600:8802:180c:8c00:dcfb:454a:9884:b63%en0', os.name: 'Mac OS X', os.arch: 'x86_64', os.version: '12.1', java.version: '11.0.14'
Driver info: org.openqa.selenium.chrome.ChromeDriver
Command: [ca5699126570aeff4c33ed8ace803bcd, getAlertText {}]
Capabilities {acceptInsecureCerts: false, browserName: chrome, browserVersion: 101.0.4951.64, chrome: {chromedriverVersion: 101.0.4951.41 (93c720db8323..., userDataDir: /var/folders/fc/qxv5mypn205...}, goog:chromeOptions: {debuggerAddress: localhost:52526}, javascriptEnabled: true, networkConnectionEnabled: false, pageLoadStrategy: normal, platform: MAC, platformName: MAC, proxy: Proxy(), se:cdp: ws://localhost:52526/devtoo..., se:cdpVersion: 101.0.4951.64, setWindowRect: true, strictFileInteractability: false, timeouts: {implicit: 0, pageLoad: 300000, script: 30000}, unhandledPromptBehavior: dismiss and notify, webauthn:extension:credBlob: true, webauthn:extension:largeBlob: true, webauthn:virtualAuthenticators: true}
Session ID: ca5699126570aeff4c33ed8ace803bcd expected [false] but found [true]
at org.testng.Assert.fail(Assert.java:99)
at org.testng.Assert.failNotEquals(Assert.java:1037)
at org.testng.Assert.assertFalse(Assert.java:67)
at com.tekarch.tests.AutomationScripts.testCase13(AutomationScripts.java:669)
at java.base/jdk.internal.reflect.NativeMethodAccessorImpl.invoke0(Native Method)
at java.base/jdk.internal.reflect.NativeMethodAccessorImpl.invoke(NativeMethodAccessorImpl.java:62)
at java.base/jdk.internal.reflect.DelegatingMethodAccessorImpl.invoke(DelegatingMethodAccessorImpl.java:43)
at java.base/java.lang.reflect.Method.invoke(Method.java:566)
at org.testng.internal.MethodInvocationHelper.invokeMethod(MethodInvocationHelper.java:133)
at org.testng.internal.TestInvoker.invokeMethod(TestInvoker.java:598)
at org.testng.internal.TestInvoker.invokeTestMethod(TestInvoker.java:173)
at org.testng.internal.MethodRunner.runInSequence(MethodRunner.java:46)
at org.testng.internal.TestInvoker$MethodInvocationAgent.invoke(TestInvoker.java:824)
at org.testng.internal.TestInvoker.invokeTestMethods(TestInvoker.java:146)
at org.testng.internal.TestMethodWorker.invokeTestMethods(TestMethodWorker.java:146)
at org.testng.internal.TestMethodWorker.run(TestMethodWorker.java:128)
at java.base/java.util.ArrayList.forEach(ArrayList.java:1541)
at org.testng.TestRunner.privateRun(TestRunner.java:794)
at org.testng.TestRunner.run(TestRunner.java:596)
at org.testng.SuiteRunner.runTest(SuiteRunner.java:377)
at org.testng.SuiteRunner.runSequentially(SuiteRunner.java:371)
at org.testng.SuiteRunner.privateRun(SuiteRunner.java:332)
at org.testng.SuiteRunner.run(SuiteRunner.java:276)
at org.testng.SuiteRunnerWorker.runSuite(SuiteRunnerWorker.java:53)
at org.testng.SuiteRunnerWorker.run(SuiteRunnerWorker.java:96)
at org.testng.TestNG.runSuitesSequentially(TestNG.java:1212)
at org.testng.TestNG.runSuitesLocally(TestNG.java:1134)
at org.testng.TestNG.runSuites(TestNG.java:1063)
at org.testng.TestNG.run(TestNG.java:1031)
at org.testng.remote.AbstractRemoteTestNG.run(AbstractRemoteTestNG.java:115)
at org.testng.remote.RemoteTestNG.initAndRun(RemoteTestNG.java:251)
at org.testng.remote.RemoteTestNG.main(RemoteTestNG.java:77)
]]>
            </full-stacktrace>
          </exception> <!-- java.lang.AssertionError -->
          <reporter-output>
          </reporter-output>
        </test-method> <!-- testCase13 -->
        <test-method is-config="true" signature="tearDown()[pri:0, instance:com.tekarch.tests.AutomationScripts@2ed2d9cb]" started-at="2022-05-19T00:49:55 PDT" name="tearDown" finished-at="2022-05-19T00:49:57 PDT" duration-ms="2181" status="PASS">
          <reporter-output>
          </reporter-output>
        </test-method> <!-- tearDown -->
        <test-method is-config="true" signature="setUp(java.lang.reflect.Method,java.lang.String)[pri:0, instance:com.tekarch.tests.AutomationScripts@2ed2d9cb]" started-at="2022-05-19T00:49:57 PDT" name="setUp" finished-at="2022-05-19T00:50:08 PDT" duration-ms="10539" status="PASS">
          <params>
            <param index="0">
              <value>
                <![CDATA[public static void com.tekarch.tests.AutomationScripts.testCase14() throws java.lang.InterruptedException,java.io.IOException]]>
              </value>
            </param>
            <param index="1">
              <value>
                <![CDATA[chrome]]>
              </value>
            </param>
          </params>
          <reporter-output>
          </reporter-output>
        </test-method> <!-- setUp -->
        <test-method signature="testCase14()[pri:14, instance:com.tekarch.tests.AutomationScripts@2ed2d9cb]" started-at="2022-05-19T00:50:08 PDT" name="testCase14" finished-at="2022-05-19T00:50:29 PDT" duration-ms="20841" status="PASS">
          <reporter-output>
          </reporter-output>
        </test-method> <!-- testCase14 -->
        <test-method is-config="true" signature="tearDown()[pri:0, instance:com.tekarch.tests.AutomationScripts@2ed2d9cb]" started-at="2022-05-19T00:50:29 PDT" name="tearDown" finished-at="2022-05-19T00:50:31 PDT" duration-ms="2130" status="PASS">
          <reporter-output>
          </reporter-output>
        </test-method> <!-- tearDown -->
        <test-method is-config="true" signature="setUp(java.lang.reflect.Method,java.lang.String)[pri:0, instance:com.tekarch.tests.AutomationScripts@2ed2d9cb]" started-at="2022-05-19T00:50:31 PDT" name="setUp" finished-at="2022-05-19T00:50:42 PDT" duration-ms="10891" status="PASS">
          <params>
            <param index="0">
              <value>
                <![CDATA[public static void com.tekarch.tests.AutomationScripts.testCase15() throws java.io.IOException]]>
              </value>
            </param>
            <param index="1">
              <value>
                <![CDATA[chrome]]>
              </value>
            </param>
          </params>
          <reporter-output>
          </reporter-output>
        </test-method> <!-- setUp -->
        <test-method signature="testCase15()[pri:15, instance:com.tekarch.tests.AutomationScripts@2ed2d9cb]" started-at="2022-05-19T00:50:42 PDT" name="testCase15" finished-at="2022-05-19T00:50:48 PDT" duration-ms="6587" status="PASS">
          <reporter-output>
          </reporter-output>
        </test-method> <!-- testCase15 -->
        <test-method is-config="true" signature="tearDown()[pri:0, instance:com.tekarch.tests.AutomationScripts@2ed2d9cb]" started-at="2022-05-19T00:50:48 PDT" name="tearDown" finished-at="2022-05-19T00:50:50 PDT" duration-ms="2143" status="PASS">
          <reporter-output>
          </reporter-output>
        </test-method> <!-- tearDown -->
        <test-method is-config="true" signature="setUp(java.lang.reflect.Method,java.lang.String)[pri:0, instance:com.tekarch.tests.AutomationScripts@2ed2d9cb]" started-at="2022-05-19T00:50:50 PDT" name="setUp" finished-at="2022-05-19T00:50:58 PDT" duration-ms="7857" status="PASS">
          <params>
            <param index="0">
              <value>
                <![CDATA[public static void com.tekarch.tests.AutomationScripts.testCase16() throws java.lang.InterruptedException,java.io.IOException]]>
              </value>
            </param>
            <param index="1">
              <value>
                <![CDATA[chrome]]>
              </value>
            </param>
          </params>
          <reporter-output>
          </reporter-output>
        </test-method> <!-- setUp -->
        <test-method signature="testCase16()[pri:16, instance:com.tekarch.tests.AutomationScripts@2ed2d9cb]" started-at="2022-05-19T00:50:58 PDT" name="testCase16" finished-at="2022-05-19T00:51:12 PDT" duration-ms="14122" status="PASS">
          <reporter-output>
          </reporter-output>
        </test-method> <!-- testCase16 -->
        <test-method is-config="true" signature="tearDown()[pri:0, instance:com.tekarch.tests.AutomationScripts@2ed2d9cb]" started-at="2022-05-19T00:51:12 PDT" name="tearDown" finished-at="2022-05-19T00:51:15 PDT" duration-ms="2120" status="PASS">
          <reporter-output>
          </reporter-output>
        </test-method> <!-- tearDown -->
        <test-method is-config="true" signature="setUp(java.lang.reflect.Method,java.lang.String)[pri:0, instance:com.tekarch.tests.AutomationScripts@2ed2d9cb]" started-at="2022-05-19T00:51:15 PDT" name="setUp" finished-at="2022-05-19T00:51:23 PDT" duration-ms="8817" status="PASS">
          <params>
            <param index="0">
              <value>
                <![CDATA[public static void com.tekarch.tests.AutomationScripts.testCase17() throws java.lang.InterruptedException,java.io.IOException]]>
              </value>
            </param>
            <param index="1">
              <value>
                <![CDATA[chrome]]>
              </value>
            </param>
          </params>
          <reporter-output>
          </reporter-output>
        </test-method> <!-- setUp -->
        <test-method signature="testCase17()[pri:17, instance:com.tekarch.tests.AutomationScripts@2ed2d9cb]" started-at="2022-05-19T00:51:23 PDT" name="testCase17" finished-at="2022-05-19T00:51:32 PDT" duration-ms="8740" status="PASS">
          <reporter-output>
          </reporter-output>
        </test-method> <!-- testCase17 -->
        <test-method is-config="true" signature="tearDown()[pri:0, instance:com.tekarch.tests.AutomationScripts@2ed2d9cb]" started-at="2022-05-19T00:51:32 PDT" name="tearDown" finished-at="2022-05-19T00:51:34 PDT" duration-ms="2134" status="PASS">
          <reporter-output>
          </reporter-output>
        </test-method> <!-- tearDown -->
        <test-method is-config="true" signature="setUp(java.lang.reflect.Method,java.lang.String)[pri:0, instance:com.tekarch.tests.AutomationScripts@2ed2d9cb]" started-at="2022-05-19T00:51:34 PDT" name="setUp" finished-at="2022-05-19T00:51:44 PDT" duration-ms="9413" status="PASS">
          <params>
            <param index="0">
              <value>
                <![CDATA[public static void com.tekarch.tests.AutomationScripts.testCase18() throws java.lang.InterruptedException,java.io.IOException]]>
              </value>
            </param>
            <param index="1">
              <value>
                <![CDATA[chrome]]>
              </value>
            </param>
          </params>
          <reporter-output>
          </reporter-output>
        </test-method> <!-- setUp -->
        <test-method signature="testCase18()[pri:18, instance:com.tekarch.tests.AutomationScripts@2ed2d9cb]" started-at="2022-05-19T00:51:44 PDT" name="testCase18" finished-at="2022-05-19T00:51:55 PDT" duration-ms="11299" status="PASS">
          <reporter-output>
          </reporter-output>
        </test-method> <!-- testCase18 -->
        <test-method is-config="true" signature="tearDown()[pri:0, instance:com.tekarch.tests.AutomationScripts@2ed2d9cb]" started-at="2022-05-19T00:51:55 PDT" name="tearDown" finished-at="2022-05-19T00:51:57 PDT" duration-ms="2123" status="PASS">
          <reporter-output>
          </reporter-output>
        </test-method> <!-- tearDown -->
        <test-method is-config="true" signature="setUp(java.lang.reflect.Method,java.lang.String)[pri:0, instance:com.tekarch.tests.AutomationScripts@2ed2d9cb]" started-at="2022-05-19T00:51:57 PDT" name="setUp" finished-at="2022-05-19T00:52:06 PDT" duration-ms="8775" status="PASS">
          <params>
            <param index="0">
              <value>
                <![CDATA[public static void com.tekarch.tests.AutomationScripts.testCase19() throws java.lang.InterruptedException,java.io.IOException]]>
              </value>
            </param>
            <param index="1">
              <value>
                <![CDATA[chrome]]>
              </value>
            </param>
          </params>
          <reporter-output>
          </reporter-output>
        </test-method> <!-- setUp -->
        <test-method signature="testCase19()[pri:19, instance:com.tekarch.tests.AutomationScripts@2ed2d9cb]" started-at="2022-05-19T00:52:06 PDT" name="testCase19" finished-at="2022-05-19T00:52:17 PDT" duration-ms="11274" status="PASS">
          <reporter-output>
          </reporter-output>
        </test-method> <!-- testCase19 -->
        <test-method is-config="true" signature="tearDown()[pri:0, instance:com.tekarch.tests.AutomationScripts@2ed2d9cb]" started-at="2022-05-19T00:52:17 PDT" name="tearDown" finished-at="2022-05-19T00:52:19 PDT" duration-ms="2126" status="PASS">
          <reporter-output>
          </reporter-output>
        </test-method> <!-- tearDown -->
        <test-method is-config="true" signature="setUp(java.lang.reflect.Method,java.lang.String)[pri:0, instance:com.tekarch.tests.AutomationScripts@2ed2d9cb]" started-at="2022-05-19T00:52:19 PDT" name="setUp" finished-at="2022-05-19T00:52:25 PDT" duration-ms="6121" status="PASS">
          <params>
            <param index="0">
              <value>
                <![CDATA[public static void com.tekarch.tests.AutomationScripts.testCase20() throws java.io.IOException]]>
              </value>
            </param>
            <param index="1">
              <value>
                <![CDATA[chrome]]>
              </value>
            </param>
          </params>
          <reporter-output>
          </reporter-output>
        </test-method> <!-- setUp -->
        <test-method signature="testCase20()[pri:20, instance:com.tekarch.tests.AutomationScripts@2ed2d9cb]" started-at="2022-05-19T00:52:25 PDT" name="testCase20" finished-at="2022-05-19T00:52:35 PDT" duration-ms="9868" status="PASS">
          <reporter-output>
          </reporter-output>
        </test-method> <!-- testCase20 -->
        <test-method is-config="true" signature="tearDown()[pri:0, instance:com.tekarch.tests.AutomationScripts@2ed2d9cb]" started-at="2022-05-19T00:52:35 PDT" name="tearDown" finished-at="2022-05-19T00:52:37 PDT" duration-ms="2174" status="PASS">
          <reporter-output>
          </reporter-output>
        </test-method> <!-- tearDown -->
        <test-method is-config="true" signature="setUp(java.lang.reflect.Method,java.lang.String)[pri:0, instance:com.tekarch.tests.AutomationScripts@2ed2d9cb]" started-at="2022-05-19T00:52:37 PDT" name="setUp" finished-at="2022-05-19T00:52:47 PDT" duration-ms="9948" status="PASS">
          <params>
            <param index="0">
              <value>
                <![CDATA[public static void com.tekarch.tests.AutomationScripts.testCase21() throws java.io.IOException]]>
              </value>
            </param>
            <param index="1">
              <value>
                <![CDATA[chrome]]>
              </value>
            </param>
          </params>
          <reporter-output>
          </reporter-output>
        </test-method> <!-- setUp -->
        <test-method signature="testCase21()[pri:21, instance:com.tekarch.tests.AutomationScripts@2ed2d9cb]" started-at="2022-05-19T00:52:47 PDT" name="testCase21" finished-at="2022-05-19T00:52:55 PDT" duration-ms="7419" status="PASS">
          <reporter-output>
          </reporter-output>
        </test-method> <!-- testCase21 -->
        <test-method is-config="true" signature="tearDown()[pri:0, instance:com.tekarch.tests.AutomationScripts@2ed2d9cb]" started-at="2022-05-19T00:52:55 PDT" name="tearDown" finished-at="2022-05-19T00:52:57 PDT" duration-ms="2149" status="PASS">
          <reporter-output>
          </reporter-output>
        </test-method> <!-- tearDown -->
        <test-method is-config="true" signature="setUp(java.lang.reflect.Method,java.lang.String)[pri:0, instance:com.tekarch.tests.AutomationScripts@2ed2d9cb]" started-at="2022-05-19T00:52:57 PDT" name="setUp" finished-at="2022-05-19T00:53:05 PDT" duration-ms="8421" status="PASS">
          <params>
            <param index="0">
              <value>
                <![CDATA[public static void com.tekarch.tests.AutomationScripts.testCase22() throws java.lang.InterruptedException,java.io.IOException]]>
              </value>
            </param>
            <param index="1">
              <value>
                <![CDATA[chrome]]>
              </value>
            </param>
          </params>
          <reporter-output>
          </reporter-output>
        </test-method> <!-- setUp -->
        <test-method signature="testCase22()[pri:22, instance:com.tekarch.tests.AutomationScripts@2ed2d9cb]" started-at="2022-05-19T00:53:05 PDT" name="testCase22" finished-at="2022-05-19T00:53:26 PDT" duration-ms="20213" status="PASS">
          <reporter-output>
          </reporter-output>
        </test-method> <!-- testCase22 -->
        <test-method is-config="true" signature="tearDown()[pri:0, instance:com.tekarch.tests.AutomationScripts@2ed2d9cb]" started-at="2022-05-19T00:53:26 PDT" name="tearDown" finished-at="2022-05-19T00:53:28 PDT" duration-ms="2124" status="PASS">
          <reporter-output>
          </reporter-output>
        </test-method> <!-- tearDown -->
        <test-method is-config="true" signature="setUp(java.lang.reflect.Method,java.lang.String)[pri:0, instance:com.tekarch.tests.AutomationScripts@2ed2d9cb]" started-at="2022-05-19T00:53:28 PDT" name="setUp" finished-at="2022-05-19T00:53:37 PDT" duration-ms="9251" status="PASS">
          <params>
            <param index="0">
              <value>
                <![CDATA[public static void com.tekarch.tests.AutomationScripts.testCase23() throws java.io.IOException]]>
              </value>
            </param>
            <param index="1">
              <value>
                <![CDATA[chrome]]>
              </value>
            </param>
          </params>
          <reporter-output>
          </reporter-output>
        </test-method> <!-- setUp -->
        <test-method signature="testCase23()[pri:23, instance:com.tekarch.tests.AutomationScripts@2ed2d9cb]" started-at="2022-05-19T00:53:37 PDT" name="testCase23" finished-at="2022-05-19T00:53:45 PDT" duration-ms="8027" status="PASS">
          <reporter-output>
          </reporter-output>
        </test-method> <!-- testCase23 -->
        <test-method is-config="true" signature="tearDown()[pri:0, instance:com.tekarch.tests.AutomationScripts@2ed2d9cb]" started-at="2022-05-19T00:53:45 PDT" name="tearDown" finished-at="2022-05-19T00:53:47 PDT" duration-ms="2145" status="PASS">
          <reporter-output>
          </reporter-output>
        </test-method> <!-- tearDown -->
        <test-method is-config="true" signature="setUp(java.lang.reflect.Method,java.lang.String)[pri:0, instance:com.tekarch.tests.AutomationScripts@2ed2d9cb]" started-at="2022-05-19T00:53:47 PDT" name="setUp" finished-at="2022-05-19T00:53:57 PDT" duration-ms="10049" status="PASS">
          <params>
            <param index="0">
              <value>
                <![CDATA[public static void com.tekarch.tests.AutomationScripts.testCase24() throws java.lang.InterruptedException,java.io.IOException]]>
              </value>
            </param>
            <param index="1">
              <value>
                <![CDATA[chrome]]>
              </value>
            </param>
          </params>
          <reporter-output>
          </reporter-output>
        </test-method> <!-- setUp -->
        <test-method signature="testCase24()[pri:24, instance:com.tekarch.tests.AutomationScripts@2ed2d9cb]" started-at="2022-05-19T00:53:57 PDT" name="testCase24" finished-at="2022-05-19T00:54:11 PDT" duration-ms="13802" status="PASS">
          <reporter-output>
          </reporter-output>
        </test-method> <!-- testCase24 -->
        <test-method is-config="true" signature="tearDown()[pri:0, instance:com.tekarch.tests.AutomationScripts@2ed2d9cb]" started-at="2022-05-19T00:54:11 PDT" name="tearDown" finished-at="2022-05-19T00:54:13 PDT" duration-ms="2128" status="PASS">
          <reporter-output>
          </reporter-output>
        </test-method> <!-- tearDown -->
        <test-method is-config="true" signature="setUp(java.lang.reflect.Method,java.lang.String)[pri:0, instance:com.tekarch.tests.AutomationScripts@2ed2d9cb]" started-at="2022-05-19T00:54:13 PDT" name="setUp" finished-at="2022-05-19T00:54:22 PDT" duration-ms="8532" status="PASS">
          <params>
            <param index="0">
              <value>
                <![CDATA[public static void com.tekarch.tests.AutomationScripts.testCase25() throws java.io.IOException]]>
              </value>
            </param>
            <param index="1">
              <value>
                <![CDATA[chrome]]>
              </value>
            </param>
          </params>
          <reporter-output>
          </reporter-output>
        </test-method> <!-- setUp -->
        <test-method signature="testCase25()[pri:25, instance:com.tekarch.tests.AutomationScripts@2ed2d9cb]" started-at="2022-05-19T00:54:22 PDT" name="testCase25" finished-at="2022-05-19T00:54:31 PDT" duration-ms="9679" status="PASS">
          <reporter-output>
          </reporter-output>
        </test-method> <!-- testCase25 -->
        <test-method is-config="true" signature="tearDown()[pri:0, instance:com.tekarch.tests.AutomationScripts@2ed2d9cb]" started-at="2022-05-19T00:54:31 PDT" name="tearDown" finished-at="2022-05-19T00:54:34 PDT" duration-ms="2151" status="PASS">
          <reporter-output>
          </reporter-output>
        </test-method> <!-- tearDown -->
        <test-method is-config="true" signature="setUp(java.lang.reflect.Method,java.lang.String)[pri:0, instance:com.tekarch.tests.AutomationScripts@2ed2d9cb]" started-at="2022-05-19T00:54:34 PDT" name="setUp" finished-at="2022-05-19T00:54:43 PDT" duration-ms="9676" status="PASS">
          <params>
            <param index="0">
              <value>
                <![CDATA[public static void com.tekarch.tests.AutomationScripts.testCase26() throws java.lang.InterruptedException,java.io.IOException]]>
              </value>
            </param>
            <param index="1">
              <value>
                <![CDATA[chrome]]>
              </value>
            </param>
          </params>
          <reporter-output>
          </reporter-output>
        </test-method> <!-- setUp -->
        <test-method signature="testCase26()[pri:26, instance:com.tekarch.tests.AutomationScripts@2ed2d9cb]" started-at="2022-05-19T00:54:43 PDT" name="testCase26" finished-at="2022-05-19T00:54:59 PDT" duration-ms="16088" status="PASS">
          <reporter-output>
          </reporter-output>
        </test-method> <!-- testCase26 -->
        <test-method is-config="true" signature="tearDown()[pri:0, instance:com.tekarch.tests.AutomationScripts@2ed2d9cb]" started-at="2022-05-19T00:54:59 PDT" name="tearDown" finished-at="2022-05-19T00:55:02 PDT" duration-ms="2123" status="PASS">
          <reporter-output>
          </reporter-output>
        </test-method> <!-- tearDown -->
        <test-method is-config="true" signature="setUp(java.lang.reflect.Method,java.lang.String)[pri:0, instance:com.tekarch.tests.AutomationScripts@2ed2d9cb]" started-at="2022-05-19T00:55:02 PDT" name="setUp" finished-at="2022-05-19T00:55:13 PDT" duration-ms="11162" status="PASS">
          <params>
            <param index="0">
              <value>
                <![CDATA[public static void com.tekarch.tests.AutomationScripts.testCase27() throws java.io.IOException]]>
              </value>
            </param>
            <param index="1">
              <value>
                <![CDATA[chrome]]>
              </value>
            </param>
          </params>
          <reporter-output>
          </reporter-output>
        </test-method> <!-- setUp -->
        <test-method signature="testCase27()[pri:27, instance:com.tekarch.tests.AutomationScripts@2ed2d9cb]" started-at="2022-05-19T00:55:13 PDT" name="testCase27" finished-at="2022-05-19T00:55:20 PDT" duration-ms="6974" status="PASS">
          <reporter-output>
          </reporter-output>
        </test-method> <!-- testCase27 -->
        <test-method is-config="true" signature="tearDown()[pri:0, instance:com.tekarch.tests.AutomationScripts@2ed2d9cb]" started-at="2022-05-19T00:55:20 PDT" name="tearDown" finished-at="2022-05-19T00:55:22 PDT" duration-ms="2137" status="PASS">
          <reporter-output>
          </reporter-output>
        </test-method> <!-- tearDown -->
        <test-method is-config="true" signature="setUp(java.lang.reflect.Method,java.lang.String)[pri:0, instance:com.tekarch.tests.AutomationScripts@2ed2d9cb]" started-at="2022-05-19T00:55:22 PDT" name="setUp" finished-at="2022-05-19T00:55:29 PDT" duration-ms="7409" status="PASS">
          <params>
            <param index="0">
              <value>
                <![CDATA[public static void com.tekarch.tests.AutomationScripts.testCase28() throws java.io.IOException]]>
              </value>
            </param>
            <param index="1">
              <value>
                <![CDATA[chrome]]>
              </value>
            </param>
          </params>
          <reporter-output>
          </reporter-output>
        </test-method> <!-- setUp -->
        <test-method signature="testCase28()[pri:28, instance:com.tekarch.tests.AutomationScripts@2ed2d9cb]" started-at="2022-05-19T00:55:29 PDT" name="testCase28" finished-at="2022-05-19T00:55:38 PDT" duration-ms="9160" status="PASS">
          <reporter-output>
          </reporter-output>
        </test-method> <!-- testCase28 -->
        <test-method is-config="true" signature="tearDown()[pri:0, instance:com.tekarch.tests.AutomationScripts@2ed2d9cb]" started-at="2022-05-19T00:55:38 PDT" name="tearDown" finished-at="2022-05-19T00:55:41 PDT" duration-ms="2155" status="PASS">
          <reporter-output>
          </reporter-output>
        </test-method> <!-- tearDown -->
        <test-method is-config="true" signature="setUp(java.lang.reflect.Method,java.lang.String)[pri:0, instance:com.tekarch.tests.AutomationScripts@2ed2d9cb]" started-at="2022-05-19T00:55:41 PDT" name="setUp" finished-at="2022-05-19T00:55:50 PDT" duration-ms="9826" status="PASS">
          <params>
            <param index="0">
              <value>
                <![CDATA[public static void com.tekarch.tests.AutomationScripts.testCase29() throws java.io.IOException]]>
              </value>
            </param>
            <param index="1">
              <value>
                <![CDATA[chrome]]>
              </value>
            </param>
          </params>
          <reporter-output>
          </reporter-output>
        </test-method> <!-- setUp -->
        <test-method signature="testCase29()[pri:29, instance:com.tekarch.tests.AutomationScripts@2ed2d9cb]" started-at="2022-05-19T00:55:50 PDT" name="testCase29" finished-at="2022-05-19T00:55:59 PDT" duration-ms="8619" status="PASS">
          <reporter-output>
          </reporter-output>
        </test-method> <!-- testCase29 -->
        <test-method is-config="true" signature="tearDown()[pri:0, instance:com.tekarch.tests.AutomationScripts@2ed2d9cb]" started-at="2022-05-19T00:55:59 PDT" name="tearDown" finished-at="2022-05-19T00:56:01 PDT" duration-ms="2146" status="PASS">
          <reporter-output>
          </reporter-output>
        </test-method> <!-- tearDown -->
        <test-method is-config="true" signature="setUp(java.lang.reflect.Method,java.lang.String)[pri:0, instance:com.tekarch.tests.AutomationScripts@2ed2d9cb]" started-at="2022-05-19T00:56:01 PDT" name="setUp" finished-at="2022-05-19T00:56:10 PDT" duration-ms="8862" status="PASS">
          <params>
            <param index="0">
              <value>
                <![CDATA[public static void com.tekarch.tests.AutomationScripts.testCase30() throws java.lang.InterruptedException,java.io.IOException]]>
              </value>
            </param>
            <param index="1">
              <value>
                <![CDATA[chrome]]>
              </value>
            </param>
          </params>
          <reporter-output>
          </reporter-output>
        </test-method> <!-- setUp -->
        <test-method signature="testCase30()[pri:30, instance:com.tekarch.tests.AutomationScripts@2ed2d9cb]" started-at="2022-05-19T00:56:10 PDT" name="testCase30" finished-at="2022-05-19T00:56:23 PDT" duration-ms="13399" status="PASS">
          <reporter-output>
          </reporter-output>
        </test-method> <!-- testCase30 -->
        <test-method is-config="true" signature="tearDown()[pri:0, instance:com.tekarch.tests.AutomationScripts@2ed2d9cb]" started-at="2022-05-19T00:56:23 PDT" name="tearDown" finished-at="2022-05-19T00:56:26 PDT" duration-ms="2122" status="PASS">
          <reporter-output>
          </reporter-output>
        </test-method> <!-- tearDown -->
        <test-method is-config="true" signature="setUp(java.lang.reflect.Method,java.lang.String)[pri:0, instance:com.tekarch.tests.AutomationScripts@2ed2d9cb]" started-at="2022-05-19T00:56:26 PDT" name="setUp" finished-at="2022-05-19T00:56:37 PDT" duration-ms="11015" status="PASS">
          <params>
            <param index="0">
              <value>
                <![CDATA[public static void com.tekarch.tests.AutomationScripts.testCase31() throws java.lang.InterruptedException,java.io.IOException]]>
              </value>
            </param>
            <param index="1">
              <value>
                <![CDATA[chrome]]>
              </value>
            </param>
          </params>
          <reporter-output>
          </reporter-output>
        </test-method> <!-- setUp -->
        <test-method signature="testCase31()[pri:31, instance:com.tekarch.tests.AutomationScripts@2ed2d9cb]" started-at="2022-05-19T00:56:37 PDT" name="testCase31" finished-at="2022-05-19T00:56:52 PDT" duration-ms="15108" status="PASS">
          <reporter-output>
          </reporter-output>
        </test-method> <!-- testCase31 -->
        <test-method is-config="true" signature="tearDown()[pri:0, instance:com.tekarch.tests.AutomationScripts@2ed2d9cb]" started-at="2022-05-19T00:56:52 PDT" name="tearDown" finished-at="2022-05-19T00:56:54 PDT" duration-ms="2128" status="PASS">
          <reporter-output>
          </reporter-output>
        </test-method> <!-- tearDown -->
        <test-method is-config="true" signature="setUp(java.lang.reflect.Method,java.lang.String)[pri:0, instance:com.tekarch.tests.AutomationScripts@2ed2d9cb]" started-at="2022-05-19T00:56:54 PDT" name="setUp" finished-at="2022-05-19T00:57:06 PDT" duration-ms="12334" status="PASS">
          <params>
            <param index="0">
              <value>
                <![CDATA[public static void com.tekarch.tests.AutomationScripts.testCase32() throws java.lang.InterruptedException,java.io.IOException]]>
              </value>
            </param>
            <param index="1">
              <value>
                <![CDATA[chrome]]>
              </value>
            </param>
          </params>
          <reporter-output>
          </reporter-output>
        </test-method> <!-- setUp -->
        <test-method signature="testCase32()[pri:32, instance:com.tekarch.tests.AutomationScripts@2ed2d9cb]" started-at="2022-05-19T00:57:06 PDT" name="testCase32" finished-at="2022-05-19T00:57:15 PDT" duration-ms="9284" status="FAIL">
          <exception class="java.lang.AssertionError">
            <message>
              <![CDATA[New Contact Creation Failed.Error: Invalid Data.
Review all error messages below to correct your data. expected [true] but found [false]]]>
            </message>
            <full-stacktrace>
              <![CDATA[java.lang.AssertionError: New Contact Creation Failed.Error: Invalid Data.
Review all error messages below to correct your data. expected [true] but found [false]
at org.testng.Assert.fail(Assert.java:99)
at org.testng.Assert.failNotEquals(Assert.java:1037)
at org.testng.Assert.assertTrue(Assert.java:45)
at com.tekarch.tests.AutomationScripts.testCase32(AutomationScripts.java:1469)
at java.base/jdk.internal.reflect.NativeMethodAccessorImpl.invoke0(Native Method)
at java.base/jdk.internal.reflect.NativeMethodAccessorImpl.invoke(NativeMethodAccessorImpl.java:62)
at java.base/jdk.internal.reflect.DelegatingMethodAccessorImpl.invoke(DelegatingMethodAccessorImpl.java:43)
at java.base/java.lang.reflect.Method.invoke(Method.java:566)
at org.testng.internal.MethodInvocationHelper.invokeMethod(MethodInvocationHelper.java:133)
at org.testng.internal.TestInvoker.invokeMethod(TestInvoker.java:598)
at org.testng.internal.TestInvoker.invokeTestMethod(TestInvoker.java:173)
at org.testng.internal.MethodRunner.runInSequence(MethodRunner.java:46)
at org.testng.internal.TestInvoker$MethodInvocationAgent.invoke(TestInvoker.java:824)
at org.testng.internal.TestInvoker.invokeTestMethods(TestInvoker.java:146)
at org.testng.internal.TestMethodWorker.invokeTestMethods(TestMethodWorker.java:146)
at org.testng.internal.TestMethodWorker.run(TestMethodWorker.java:128)
at java.base/java.util.ArrayList.forEach(ArrayList.java:1541)
at org.testng.TestRunner.privateRun(TestRunner.java:794)
at org.testng.TestRunner.run(TestRunner.java:596)
at org.testng.SuiteRunner.runTest(SuiteRunner.java:377)
at org.testng.SuiteRunner.runSequentially(SuiteRunner.java:371)
at org.testng.SuiteRunner.privateRun(SuiteRunner.java:332)
at org.testng.SuiteRunner.run(SuiteRunner.java:276)
at org.testng.SuiteRunnerWorker.runSuite(SuiteRunnerWorker.java:53)
at org.testng.SuiteRunnerWorker.run(SuiteRunnerWorker.java:96)
at org.testng.TestNG.runSuitesSequentially(TestNG.java:1212)
at org.testng.TestNG.runSuitesLocally(TestNG.java:1134)
at org.testng.TestNG.runSuites(TestNG.java:1063)
at org.testng.TestNG.run(TestNG.java:1031)
at org.testng.remote.AbstractRemoteTestNG.run(AbstractRemoteTestNG.java:115)
at org.testng.remote.RemoteTestNG.initAndRun(RemoteTestNG.java:251)
at org.testng.remote.RemoteTestNG.main(RemoteTestNG.java:77)
]]>
            </full-stacktrace>
          </exception> <!-- java.lang.AssertionError -->
          <reporter-output>
          </reporter-output>
        </test-method> <!-- testCase32 -->
        <test-method is-config="true" signature="tearDown()[pri:0, instance:com.tekarch.tests.AutomationScripts@2ed2d9cb]" started-at="2022-05-19T00:57:16 PDT" name="tearDown" finished-at="2022-05-19T00:57:18 PDT" duration-ms="2278" status="PASS">
          <reporter-output>
          </reporter-output>
        </test-method> <!-- tearDown -->
        <test-method is-config="true" signature="setUp(java.lang.reflect.Method,java.lang.String)[pri:0, instance:com.tekarch.tests.AutomationScripts@2ed2d9cb]" started-at="2022-05-19T00:57:18 PDT" name="setUp" finished-at="2022-05-19T00:57:33 PDT" duration-ms="14397" status="PASS">
          <params>
            <param index="0">
              <value>
                <![CDATA[public static void com.tekarch.tests.AutomationScripts.testCase33() throws java.lang.InterruptedException,java.io.IOException]]>
              </value>
            </param>
            <param index="1">
              <value>
                <![CDATA[chrome]]>
              </value>
            </param>
          </params>
          <reporter-output>
          </reporter-output>
        </test-method> <!-- setUp -->
        <test-method signature="testCase33()[pri:33, instance:com.tekarch.tests.AutomationScripts@2ed2d9cb]" started-at="2022-05-19T00:57:33 PDT" name="testCase33" finished-at="2022-05-19T00:57:41 PDT" duration-ms="8640" status="PASS">
          <reporter-output>
          </reporter-output>
        </test-method> <!-- testCase33 -->
        <test-method is-config="true" signature="tearDown()[pri:0, instance:com.tekarch.tests.AutomationScripts@2ed2d9cb]" started-at="2022-05-19T00:57:41 PDT" name="tearDown" finished-at="2022-05-19T00:57:43 PDT" duration-ms="2119" status="PASS">
          <reporter-output>
          </reporter-output>
        </test-method> <!-- tearDown -->
        <test-method is-config="true" signature="setUp(java.lang.reflect.Method,java.lang.String)[pri:0, instance:com.tekarch.tests.AutomationScripts@2ed2d9cb]" started-at="2022-05-19T00:57:43 PDT" name="setUp" finished-at="2022-05-19T00:57:49 PDT" duration-ms="6028" status="PASS">
          <params>
            <param index="0">
              <value>
                <![CDATA[public static void com.tekarch.tests.AutomationScripts.testCase34() throws java.lang.InterruptedException,java.io.IOException]]>
              </value>
            </param>
            <param index="1">
              <value>
                <![CDATA[chrome]]>
              </value>
            </param>
          </params>
          <reporter-output>
          </reporter-output>
        </test-method> <!-- setUp -->
        <test-method signature="testCase34()[pri:34, instance:com.tekarch.tests.AutomationScripts@2ed2d9cb]" started-at="2022-05-19T00:57:49 PDT" name="testCase34" finished-at="2022-05-19T00:58:11 PDT" duration-ms="21119" status="PASS">
          <reporter-output>
          </reporter-output>
        </test-method> <!-- testCase34 -->
        <test-method is-config="true" signature="tearDown()[pri:0, instance:com.tekarch.tests.AutomationScripts@2ed2d9cb]" started-at="2022-05-19T00:58:11 PDT" name="tearDown" finished-at="2022-05-19T00:58:13 PDT" duration-ms="2173" status="PASS">
          <reporter-output>
          </reporter-output>
        </test-method> <!-- tearDown -->
        <test-method is-config="true" signature="setUp(java.lang.reflect.Method,java.lang.String)[pri:0, instance:com.tekarch.tests.AutomationScripts@2ed2d9cb]" started-at="2022-05-19T00:58:13 PDT" name="setUp" finished-at="2022-05-19T00:58:22 PDT" duration-ms="9247" status="PASS">
          <params>
            <param index="0">
              <value>
                <![CDATA[public static void com.tekarch.tests.AutomationScripts.testCase35() throws java.lang.InterruptedException,java.io.IOException]]>
              </value>
            </param>
            <param index="1">
              <value>
                <![CDATA[chrome]]>
              </value>
            </param>
          </params>
          <reporter-output>
          </reporter-output>
        </test-method> <!-- setUp -->
        <test-method signature="testCase35()[pri:35, instance:com.tekarch.tests.AutomationScripts@2ed2d9cb]" started-at="2022-05-19T00:58:22 PDT" name="testCase35" finished-at="2022-05-19T00:58:44 PDT" duration-ms="21606" status="PASS">
          <reporter-output>
          </reporter-output>
        </test-method> <!-- testCase35 -->
        <test-method is-config="true" signature="tearDown()[pri:0, instance:com.tekarch.tests.AutomationScripts@2ed2d9cb]" started-at="2022-05-19T00:58:44 PDT" name="tearDown" finished-at="2022-05-19T00:58:46 PDT" duration-ms="2234" status="PASS">
          <reporter-output>
          </reporter-output>
        </test-method> <!-- tearDown -->
        <test-method is-config="true" signature="setUp(java.lang.reflect.Method,java.lang.String)[pri:0, instance:com.tekarch.tests.AutomationScripts@2ed2d9cb]" started-at="2022-05-19T00:58:46 PDT" name="setUp" finished-at="2022-05-19T00:58:57 PDT" duration-ms="10918" status="PASS">
          <params>
            <param index="0">
              <value>
                <![CDATA[public static void com.tekarch.tests.AutomationScripts.testCase36() throws java.lang.InterruptedException,java.io.IOException]]>
              </value>
            </param>
            <param index="1">
              <value>
                <![CDATA[chrome]]>
              </value>
            </param>
          </params>
          <reporter-output>
          </reporter-output>
        </test-method> <!-- setUp -->
        <test-method signature="testCase36()[pri:36, instance:com.tekarch.tests.AutomationScripts@2ed2d9cb]" started-at="2022-05-19T00:58:57 PDT" name="testCase36" finished-at="2022-05-19T00:59:14 PDT" duration-ms="17131" status="PASS">
          <reporter-output>
          </reporter-output>
        </test-method> <!-- testCase36 -->
        <test-method is-config="true" signature="tearDown()[pri:0, instance:com.tekarch.tests.AutomationScripts@2ed2d9cb]" started-at="2022-05-19T00:59:14 PDT" name="tearDown" finished-at="2022-05-19T00:59:16 PDT" duration-ms="2126" status="PASS">
          <reporter-output>
          </reporter-output>
        </test-method> <!-- tearDown -->
        <test-method is-config="true" signature="setUp(java.lang.reflect.Method,java.lang.String)[pri:0, instance:com.tekarch.tests.AutomationScripts@2ed2d9cb]" started-at="2022-05-19T00:59:16 PDT" name="setUp" finished-at="2022-05-19T00:59:25 PDT" duration-ms="8924" status="PASS">
          <params>
            <param index="0">
              <value>
                <![CDATA[public static void com.tekarch.tests.AutomationScripts.testCase37() throws java.lang.InterruptedException,java.io.IOException]]>
              </value>
            </param>
            <param index="1">
              <value>
                <![CDATA[chrome]]>
              </value>
            </param>
          </params>
          <reporter-output>
          </reporter-output>
        </test-method> <!-- setUp -->
        <test-method signature="testCase37()[pri:37, instance:com.tekarch.tests.AutomationScripts@2ed2d9cb]" started-at="2022-05-19T00:59:25 PDT" name="testCase37" finished-at="2022-05-19T00:59:39 PDT" duration-ms="13478" status="PASS">
          <reporter-output>
          </reporter-output>
        </test-method> <!-- testCase37 -->
        <test-method is-config="true" signature="tearDown()[pri:0, instance:com.tekarch.tests.AutomationScripts@2ed2d9cb]" started-at="2022-05-19T00:59:39 PDT" name="tearDown" finished-at="2022-05-19T00:59:41 PDT" duration-ms="2192" status="PASS">
          <reporter-output>
          </reporter-output>
        </test-method> <!-- tearDown -->
      </class> <!-- com.tekarch.tests.AutomationScripts -->
    </test> <!-- TestChrome -->
  </suite> <!-- SalesForceTesting -->
</testng-results>
