<html>
<head>
<title>TestNG:  TestChrome</title>
<link href="../testng.css" rel="stylesheet" type="text/css" />
<link href="../my-testng.css" rel="stylesheet" type="text/css" />

<style type="text/css">
.log { display: none;} 
.stack-trace { display: none;} 
</style>
<script type="text/javascript">
<!--
function flip(e) {
  current = e.style.display;
  if (current == 'block') {
    e.style.display = 'none';
    return 0;
  }
  else {
    e.style.display = 'block';
    return 1;
  }
}

function toggleBox(szDivId, elem, msg1, msg2)
{
  var res = -1;  if (document.getElementById) {
    res = flip(document.getElementById(szDivId));
  }
  else if (document.all) {
    // this is the way old msie versions work
    res = flip(document.all[szDivId]);
  }
  if(elem) {
    if(res == 0) elem.innerHTML = msg1; else elem.innerHTML = msg2;
  }

}

function toggleAllBoxes() {
  if (document.getElementsByTagName) {
    d = document.getElementsByTagName('div');
    for (i = 0; i < d.length; i++) {
      if (d[i].className == 'log') {
        flip(d[i]);
      }
    }
  }
}

// -->
</script>

</head>
<body>
<h2 align='center'>TestChrome</h2><table border='1' align="center">
<tr>
<td>Tests passed/Failed/Skipped:</td><td>36/2/0</td>
</tr><tr>
<td>Started on:</td><td>Thu May 19 00:44:25 PDT 2022</td>
</tr>
<tr><td>Total time:</td><td>915 seconds (915941 ms)</td>
</tr><tr>
<td>Included groups:</td><td></td>
</tr><tr>
<td>Excluded groups:</td><td></td>
</tr>
</table><p/>
<small><i>(Hover the method name to see the test class name)</i></small><p/>
<table width='100%' border='1' class='invocation-failed'>
<tr><td colspan='4' align='center'><b>FAILED TESTS</b></td></tr>
<tr><td><b>Test method</b></td>
<td width="30%"><b>Exception</b></td>
<td width="10%"><b>Time (seconds)</b></td>
<td><b>Instance</b></td>
</tr>
<tr>
<td title='com.tekarch.tests.AutomationScripts.testCase13()'><b>testCase13</b><br>Test class: com.tekarch.tests.AutomationScripts</td>
<td><div><pre>java.lang.AssertionError: no such alert
  (Session info: chrome=101.0.4951.64)
Build info: version: &apos;4.1.4&apos;, revision: &apos;535d840ee2&apos;
System info: host: &apos;Yaminis-MacBook-Air.local&apos;, ip: &apos;2600:8802:180c:8c00:dcfb:454a:9884:b63%en0&apos;, os.name: &apos;Mac OS X&apos;, os.arch: &apos;x86_64&apos;, os.version: &apos;12.1&apos;, java.version: &apos;11.0.14&apos;
Driver info: org.openqa.selenium.chrome.ChromeDriver
Command: [ca5699126570aeff4c33ed8ace803bcd, getAlertText {}]
Capabilities {acceptInsecureCerts: false, browserName: chrome, browserVersion: 101.0.4951.64, chrome: {chromedriverVersion: 101.0.4951.41 (93c720db8323..., userDataDir: /var/folders/fc/qxv5mypn205...}, goog:chromeOptions: {debuggerAddress: localhost:52526}, javascriptEnabled: true, networkConnectionEnabled: false, pageLoadStrategy: normal, platform: MAC, platformName: MAC, proxy: Proxy(), se:cdp: ws://localhost:52526/devtoo..., se:cdpVersion: 101.0.4951.64, setWindowRect: true, strictFileInteractability: false, timeouts: {implicit: 0, pageLoad: 300000, script: 30000}, unhandledPromptBehavior: dismiss and notify, webauthn:extension:credBlob: true, webauthn:extension:largeBlob: true, webauthn:virtualAuthenticators: true}
Session ID: ca5699126570aeff4c33ed8ace803bcd expected [false] but found [true]
	at com.tekarch.tests.AutomationScripts.testCase13(AutomationScripts.java:669)
	at java.base/java.util.ArrayList.forEach(ArrayList.java:1541)
... Removed 30 stack frames</pre></div><a href='#' onClick='toggleBox("stack-trace76757235", this, "Click to show all stack frames", "Click to hide stack frames")'>Click to show all stack frames</a>
<div class='stack-trace' id='stack-trace76757235'><pre>java.lang.AssertionError: no such alert
  (Session info: chrome=101.0.4951.64)
Build info: version: &apos;4.1.4&apos;, revision: &apos;535d840ee2&apos;
System info: host: &apos;Yaminis-MacBook-Air.local&apos;, ip: &apos;2600:8802:180c:8c00:dcfb:454a:9884:b63%en0&apos;, os.name: &apos;Mac OS X&apos;, os.arch: &apos;x86_64&apos;, os.version: &apos;12.1&apos;, java.version: &apos;11.0.14&apos;
Driver info: org.openqa.selenium.chrome.ChromeDriver
Command: [ca5699126570aeff4c33ed8ace803bcd, getAlertText {}]
Capabilities {acceptInsecureCerts: false, browserName: chrome, browserVersion: 101.0.4951.64, chrome: {chromedriverVersion: 101.0.4951.41 (93c720db8323..., userDataDir: /var/folders/fc/qxv5mypn205...}, goog:chromeOptions: {debuggerAddress: localhost:52526}, javascriptEnabled: true, networkConnectionEnabled: false, pageLoadStrategy: normal, platform: MAC, platformName: MAC, proxy: Proxy(), se:cdp: ws://localhost:52526/devtoo..., se:cdpVersion: 101.0.4951.64, setWindowRect: true, strictFileInteractability: false, timeouts: {implicit: 0, pageLoad: 300000, script: 30000}, unhandledPromptBehavior: dismiss and notify, webauthn:extension:credBlob: true, webauthn:extension:largeBlob: true, webauthn:virtualAuthenticators: true}
Session ID: ca5699126570aeff4c33ed8ace803bcd expected [false] but found [true]
	at org.testng.Assert.fail(Assert.java:99)
	at org.testng.Assert.failNotEquals(Assert.java:1037)
	at org.testng.Assert.assertFalse(Assert.java:67)
	at com.tekarch.tests.AutomationScripts.testCase13(AutomationScripts.java:669)
	at java.base/jdk.internal.reflect.NativeMethodAccessorImpl.invoke0(Native Method)
	at java.base/jdk.internal.reflect.NativeMethodAccessorImpl.invoke(NativeMethodAccessorImpl.java:62)
	at java.base/jdk.internal.reflect.DelegatingMethodAccessorImpl.invoke(DelegatingMethodAccessorImpl.java:43)
	at java.base/java.lang.reflect.Method.invoke(Method.java:566)
	at org.testng.internal.MethodInvocationHelper.invokeMethod(MethodInvocationHelper.java:133)
	at org.testng.internal.TestInvoker.invokeMethod(TestInvoker.java:598)
	at org.testng.internal.TestInvoker.invokeTestMethod(TestInvoker.java:173)
	at org.testng.internal.MethodRunner.runInSequence(MethodRunner.java:46)
	at org.testng.internal.TestInvoker$MethodInvocationAgent.invoke(TestInvoker.java:824)
	at org.testng.internal.TestInvoker.invokeTestMethods(TestInvoker.java:146)
	at org.testng.internal.TestMethodWorker.invokeTestMethods(TestMethodWorker.java:146)
	at org.testng.internal.TestMethodWorker.run(TestMethodWorker.java:128)
	at java.base/java.util.ArrayList.forEach(ArrayList.java:1541)
	at org.testng.TestRunner.privateRun(TestRunner.java:794)
	at org.testng.TestRunner.run(TestRunner.java:596)
	at org.testng.SuiteRunner.runTest(SuiteRunner.java:377)
	at org.testng.SuiteRunner.runSequentially(SuiteRunner.java:371)
	at org.testng.SuiteRunner.privateRun(SuiteRunner.java:332)
	at org.testng.SuiteRunner.run(SuiteRunner.java:276)
	at org.testng.SuiteRunnerWorker.runSuite(SuiteRunnerWorker.java:53)
	at org.testng.SuiteRunnerWorker.run(SuiteRunnerWorker.java:96)
	at org.testng.TestNG.runSuitesSequentially(TestNG.java:1212)
	at org.testng.TestNG.runSuitesLocally(TestNG.java:1134)
	at org.testng.TestNG.runSuites(TestNG.java:1063)
	at org.testng.TestNG.run(TestNG.java:1031)
	at org.testng.remote.AbstractRemoteTestNG.run(AbstractRemoteTestNG.java:115)
	at org.testng.remote.RemoteTestNG.initAndRun(RemoteTestNG.java:251)
	at org.testng.remote.RemoteTestNG.main(RemoteTestNG.java:77)
</pre></div></td>
<td>18</td>
<td>com.tekarch.tests.AutomationScripts@2ed2d9cb</td></tr>
<tr>
<td title='com.tekarch.tests.AutomationScripts.testCase32()'><b>testCase32</b><br>Test class: com.tekarch.tests.AutomationScripts</td>
<td><div><pre>java.lang.AssertionError: New Contact Creation Failed.Error: Invalid Data.
Review all error messages below to correct your data. expected [true] but found [false]
	at com.tekarch.tests.AutomationScripts.testCase32(AutomationScripts.java:1469)
	at java.base/java.util.ArrayList.forEach(ArrayList.java:1541)
... Removed 30 stack frames</pre></div><a href='#' onClick='toggleBox("stack-trace2100561344", this, "Click to show all stack frames", "Click to hide stack frames")'>Click to show all stack frames</a>
<div class='stack-trace' id='stack-trace2100561344'><pre>java.lang.AssertionError: New Contact Creation Failed.Error: Invalid Data.
Review all error messages below to correct your data. expected [true] but found [false]
	at org.testng.Assert.fail(Assert.java:99)
	at org.testng.Assert.failNotEquals(Assert.java:1037)
	at org.testng.Assert.assertTrue(Assert.java:45)
	at com.tekarch.tests.AutomationScripts.testCase32(AutomationScripts.java:1469)
	at java.base/jdk.internal.reflect.NativeMethodAccessorImpl.invoke0(Native Method)
	at java.base/jdk.internal.reflect.NativeMethodAccessorImpl.invoke(NativeMethodAccessorImpl.java:62)
	at java.base/jdk.internal.reflect.DelegatingMethodAccessorImpl.invoke(DelegatingMethodAccessorImpl.java:43)
	at java.base/java.lang.reflect.Method.invoke(Method.java:566)
	at org.testng.internal.MethodInvocationHelper.invokeMethod(MethodInvocationHelper.java:133)
	at org.testng.internal.TestInvoker.invokeMethod(TestInvoker.java:598)
	at org.testng.internal.TestInvoker.invokeTestMethod(TestInvoker.java:173)
	at org.testng.internal.MethodRunner.runInSequence(MethodRunner.java:46)
	at org.testng.internal.TestInvoker$MethodInvocationAgent.invoke(TestInvoker.java:824)
	at org.testng.internal.TestInvoker.invokeTestMethods(TestInvoker.java:146)
	at org.testng.internal.TestMethodWorker.invokeTestMethods(TestMethodWorker.java:146)
	at org.testng.internal.TestMethodWorker.run(TestMethodWorker.java:128)
	at java.base/java.util.ArrayList.forEach(ArrayList.java:1541)
	at org.testng.TestRunner.privateRun(TestRunner.java:794)
	at org.testng.TestRunner.run(TestRunner.java:596)
	at org.testng.SuiteRunner.runTest(SuiteRunner.java:377)
	at org.testng.SuiteRunner.runSequentially(SuiteRunner.java:371)
	at org.testng.SuiteRunner.privateRun(SuiteRunner.java:332)
	at org.testng.SuiteRunner.run(SuiteRunner.java:276)
	at org.testng.SuiteRunnerWorker.runSuite(SuiteRunnerWorker.java:53)
	at org.testng.SuiteRunnerWorker.run(SuiteRunnerWorker.java:96)
	at org.testng.TestNG.runSuitesSequentially(TestNG.java:1212)
	at org.testng.TestNG.runSuitesLocally(TestNG.java:1134)
	at org.testng.TestNG.runSuites(TestNG.java:1063)
	at org.testng.TestNG.run(TestNG.java:1031)
	at org.testng.remote.AbstractRemoteTestNG.run(AbstractRemoteTestNG.java:115)
	at org.testng.remote.RemoteTestNG.initAndRun(RemoteTestNG.java:251)
	at org.testng.remote.RemoteTestNG.main(RemoteTestNG.java:77)
</pre></div></td>
<td>9</td>
<td>com.tekarch.tests.AutomationScripts@2ed2d9cb</td></tr>
</table><p>
<table width='100%' border='1' class='invocation-passed'>
<tr><td colspan='4' align='center'><b>PASSED TESTS</b></td></tr>
<tr><td><b>Test method</b></td>
<td width="30%"><b>Exception</b></td>
<td width="10%"><b>Time (seconds)</b></td>
<td><b>Instance</b></td>
</tr>
<tr>
<td title='com.tekarch.tests.AutomationScripts.testCase14()'><b>testCase14</b><br>Test class: com.tekarch.tests.AutomationScripts</td>
<td></td>
<td>20</td>
<td>com.tekarch.tests.AutomationScripts@2ed2d9cb</td></tr>
<tr>
<td title='com.tekarch.tests.AutomationScripts.testCase8()'><b>testCase8</b><br>Test class: com.tekarch.tests.AutomationScripts</td>
<td></td>
<td>10</td>
<td>com.tekarch.tests.AutomationScripts@2ed2d9cb</td></tr>
<tr>
<td title='com.tekarch.tests.AutomationScripts.testCase10()'><b>testCase10</b><br>Test class: com.tekarch.tests.AutomationScripts</td>
<td></td>
<td>14</td>
<td>com.tekarch.tests.AutomationScripts@2ed2d9cb</td></tr>
<tr>
<td title='com.tekarch.tests.AutomationScripts.testCase15()'><b>testCase15</b><br>Test class: com.tekarch.tests.AutomationScripts</td>
<td></td>
<td>6</td>
<td>com.tekarch.tests.AutomationScripts@2ed2d9cb</td></tr>
<tr>
<td title='com.tekarch.tests.AutomationScripts.testCase19()'><b>testCase19</b><br>Test class: com.tekarch.tests.AutomationScripts</td>
<td></td>
<td>11</td>
<td>com.tekarch.tests.AutomationScripts@2ed2d9cb</td></tr>
<tr>
<td title='com.tekarch.tests.AutomationScripts.testCase36()'><b>testCase36</b><br>Test class: com.tekarch.tests.AutomationScripts</td>
<td></td>
<td>17</td>
<td>com.tekarch.tests.AutomationScripts@2ed2d9cb</td></tr>
<tr>
<td title='com.tekarch.tests.AutomationScripts.testCase21()'><b>testCase21</b><br>Test class: com.tekarch.tests.AutomationScripts</td>
<td></td>
<td>7</td>
<td>com.tekarch.tests.AutomationScripts@2ed2d9cb</td></tr>
<tr>
<td title='com.tekarch.tests.AutomationScripts.testCase1()'><b>testCase1</b><br>Test class: com.tekarch.tests.AutomationScripts</td>
<td></td>
<td>5</td>
<td>com.tekarch.tests.AutomationScripts@2ed2d9cb</td></tr>
<tr>
<td title='com.tekarch.tests.AutomationScripts.testCase2()'><b>testCase2</b><br>Test class: com.tekarch.tests.AutomationScripts</td>
<td></td>
<td>3</td>
<td>com.tekarch.tests.AutomationScripts@2ed2d9cb</td></tr>
<tr>
<td title='com.tekarch.tests.AutomationScripts.testCase28()'><b>testCase28</b><br>Test class: com.tekarch.tests.AutomationScripts</td>
<td></td>
<td>9</td>
<td>com.tekarch.tests.AutomationScripts@2ed2d9cb</td></tr>
<tr>
<td title='com.tekarch.tests.AutomationScripts.testCase31()'><b>testCase31</b><br>Test class: com.tekarch.tests.AutomationScripts</td>
<td></td>
<td>15</td>
<td>com.tekarch.tests.AutomationScripts@2ed2d9cb</td></tr>
<tr>
<td title='com.tekarch.tests.AutomationScripts.testCase5()'><b>testCase5</b><br>Test class: com.tekarch.tests.AutomationScripts</td>
<td></td>
<td>3</td>
<td>com.tekarch.tests.AutomationScripts@2ed2d9cb</td></tr>
<tr>
<td title='com.tekarch.tests.AutomationScripts.testCase18()'><b>testCase18</b><br>Test class: com.tekarch.tests.AutomationScripts</td>
<td></td>
<td>11</td>
<td>com.tekarch.tests.AutomationScripts@2ed2d9cb</td></tr>
<tr>
<td title='com.tekarch.tests.AutomationScripts.testCase24()'><b>testCase24</b><br>Test class: com.tekarch.tests.AutomationScripts</td>
<td></td>
<td>13</td>
<td>com.tekarch.tests.AutomationScripts@2ed2d9cb</td></tr>
<tr>
<td title='com.tekarch.tests.AutomationScripts.testCase11()'><b>testCase11</b><br>Test class: com.tekarch.tests.AutomationScripts</td>
<td></td>
<td>12</td>
<td>com.tekarch.tests.AutomationScripts@2ed2d9cb</td></tr>
<tr>
<td title='com.tekarch.tests.AutomationScripts.testCase37()'><b>testCase37</b><br>Test class: com.tekarch.tests.AutomationScripts</td>
<td></td>
<td>13</td>
<td>com.tekarch.tests.AutomationScripts@2ed2d9cb</td></tr>
<tr>
<td title='com.tekarch.tests.AutomationScripts.testCase6()'><b>testCase6</b><br>Test class: com.tekarch.tests.AutomationScripts</td>
<td></td>
<td>57</td>
<td>com.tekarch.tests.AutomationScripts@2ed2d9cb</td></tr>
<tr>
<td title='com.tekarch.tests.AutomationScripts.testCase27()'><b>testCase27</b><br>Test class: com.tekarch.tests.AutomationScripts</td>
<td></td>
<td>6</td>
<td>com.tekarch.tests.AutomationScripts@2ed2d9cb</td></tr>
<tr>
<td title='com.tekarch.tests.AutomationScripts.testCase22()'><b>testCase22</b><br>Test class: com.tekarch.tests.AutomationScripts</td>
<td></td>
<td>20</td>
<td>com.tekarch.tests.AutomationScripts@2ed2d9cb</td></tr>
<tr>
<td title='com.tekarch.tests.AutomationScripts.testCase9()'><b>testCase9</b><br>Test class: com.tekarch.tests.AutomationScripts</td>
<td></td>
<td>7</td>
<td>com.tekarch.tests.AutomationScripts@2ed2d9cb</td></tr>
<tr>
<td title='com.tekarch.tests.AutomationScripts.testCase12()'><b>testCase12</b><br>Test class: com.tekarch.tests.AutomationScripts</td>
<td></td>
<td>13</td>
<td>com.tekarch.tests.AutomationScripts@2ed2d9cb</td></tr>
<tr>
<td title='com.tekarch.tests.AutomationScripts.testCase7()'><b>testCase7</b><br>Test class: com.tekarch.tests.AutomationScripts</td>
<td></td>
<td>21</td>
<td>com.tekarch.tests.AutomationScripts@2ed2d9cb</td></tr>
<tr>
<td title='com.tekarch.tests.AutomationScripts.testCase23()'><b>testCase23</b><br>Test class: com.tekarch.tests.AutomationScripts</td>
<td></td>
<td>8</td>
<td>com.tekarch.tests.AutomationScripts@2ed2d9cb</td></tr>
<tr>
<td title='com.tekarch.tests.AutomationScripts.testCase26()'><b>testCase26</b><br>Test class: com.tekarch.tests.AutomationScripts</td>
<td></td>
<td>16</td>
<td>com.tekarch.tests.AutomationScripts@2ed2d9cb</td></tr>
<tr>
<td title='com.tekarch.tests.AutomationScripts.testCase33()'><b>testCase33</b><br>Test class: com.tekarch.tests.AutomationScripts</td>
<td></td>
<td>8</td>
<td>com.tekarch.tests.AutomationScripts@2ed2d9cb</td></tr>
<tr>
<td title='com.tekarch.tests.AutomationScripts.testCase25()'><b>testCase25</b><br>Test class: com.tekarch.tests.AutomationScripts</td>
<td></td>
<td>9</td>
<td>com.tekarch.tests.AutomationScripts@2ed2d9cb</td></tr>
<tr>
<td title='com.tekarch.tests.AutomationScripts.testCase16()'><b>testCase16</b><br>Test class: com.tekarch.tests.AutomationScripts</td>
<td></td>
<td>14</td>
<td>com.tekarch.tests.AutomationScripts@2ed2d9cb</td></tr>
<tr>
<td title='com.tekarch.tests.AutomationScripts.testCase34()'><b>testCase34</b><br>Test class: com.tekarch.tests.AutomationScripts</td>
<td></td>
<td>21</td>
<td>com.tekarch.tests.AutomationScripts@2ed2d9cb</td></tr>
<tr>
<td title='com.tekarch.tests.AutomationScripts.testCase29()'><b>testCase29</b><br>Test class: com.tekarch.tests.AutomationScripts</td>
<td></td>
<td>8</td>
<td>com.tekarch.tests.AutomationScripts@2ed2d9cb</td></tr>
<tr>
<td title='com.tekarch.tests.AutomationScripts.testCase17()'><b>testCase17</b><br>Test class: com.tekarch.tests.AutomationScripts</td>
<td></td>
<td>8</td>
<td>com.tekarch.tests.AutomationScripts@2ed2d9cb</td></tr>
<tr>
<td title='com.tekarch.tests.AutomationScripts.testCase20()'><b>testCase20</b><br>Test class: com.tekarch.tests.AutomationScripts</td>
<td></td>
<td>9</td>
<td>com.tekarch.tests.AutomationScripts@2ed2d9cb</td></tr>
<tr>
<td title='com.tekarch.tests.AutomationScripts.testCase4b()'><b>testCase4b</b><br>Test class: com.tekarch.tests.AutomationScripts</td>
<td></td>
<td>6</td>
<td>com.tekarch.tests.AutomationScripts@2ed2d9cb</td></tr>
<tr>
<td title='com.tekarch.tests.AutomationScripts.testCase4a()'><b>testCase4a</b><br>Test class: com.tekarch.tests.AutomationScripts</td>
<td></td>
<td>3</td>
<td>com.tekarch.tests.AutomationScripts@2ed2d9cb</td></tr>
<tr>
<td title='com.tekarch.tests.AutomationScripts.testCase30()'><b>testCase30</b><br>Test class: com.tekarch.tests.AutomationScripts</td>
<td></td>
<td>13</td>
<td>com.tekarch.tests.AutomationScripts@2ed2d9cb</td></tr>
<tr>
<td title='com.tekarch.tests.AutomationScripts.testCase35()'><b>testCase35</b><br>Test class: com.tekarch.tests.AutomationScripts</td>
<td></td>
<td>21</td>
<td>com.tekarch.tests.AutomationScripts@2ed2d9cb</td></tr>
<tr>
<td title='com.tekarch.tests.AutomationScripts.testCase3()'><b>testCase3</b><br>Test class: com.tekarch.tests.AutomationScripts</td>
<td></td>
<td>15</td>
<td>com.tekarch.tests.AutomationScripts@2ed2d9cb</td></tr>
</table><p>
</body>
</html>