<?xml version="1.0" encoding="UTF-8"?>
<!-- Generated by org.testng.reporters.JUnitXMLReporter -->
<testsuite ignored="0" hostname="Yaminis-MacBook-Air.local" failures="2" tests="38" name="TestChrome" time="915.941" errors="0" timestamp="2022-05-19T00:59:41 PDT">
  <testcase classname="com.tekarch.tests.AutomationScripts" name="testCase1" time="5.321"/>
  <testcase classname="com.tekarch.tests.AutomationScripts" name="testCase2" time="3.521"/>
  <testcase classname="com.tekarch.tests.AutomationScripts" name="testCase3" time="15.679"/>
  <testcase classname="com.tekarch.tests.AutomationScripts" name="testCase4a" time="3.604"/>
  <testcase classname="com.tekarch.tests.AutomationScripts" name="testCase4b" time="6.666"/>
  <testcase classname="com.tekarch.tests.AutomationScripts" name="testCase5" time="3.463"/>
  <testcase classname="com.tekarch.tests.AutomationScripts" name="testCase6" time="57.466"/>
  <testcase classname="com.tekarch.tests.AutomationScripts" name="testCase7" time="21.529"/>
  <testcase classname="com.tekarch.tests.AutomationScripts" name="testCase8" time="10.079"/>
  <testcase classname="com.tekarch.tests.AutomationScripts" name="testCase9" time="7.977"/>
  <testcase classname="com.tekarch.tests.AutomationScripts" name="testCase10" time="14.202"/>
  <testcase classname="com.tekarch.tests.AutomationScripts" name="testCase11" time="12.132"/>
  <testcase classname="com.tekarch.tests.AutomationScripts" name="testCase12" time="13.93"/>
  <testcase classname="com.tekarch.tests.AutomationScripts" name="testCase13" time="18.096">
    <failure type="java.lang.AssertionError" message="no such alert
  (Session info: chrome=101.0.4951.64)
Build info: version: &amp;apos;4.1.4&amp;apos;, revision: &amp;apos;535d840ee2&amp;apos;
System info: host: &amp;apos;Yaminis-MacBook-Air.local&amp;apos;, ip: &amp;apos;2600:8802:180c:8c00:dcfb:454a:9884:b63%en0&amp;apos;, os.name: &amp;apos;Mac OS X&amp;apos;, os.arch: &amp;apos;x86_64&amp;apos;, os.version: &amp;apos;12.1&amp;apos;, java.version: &amp;apos;11.0.14&amp;apos;
Driver info: org.openqa.selenium.chrome.ChromeDriver
Command: [ca5699126570aeff4c33ed8ace803bcd, getAlertText {}]
Capabilities {acceptInsecureCerts: false, browserName: chrome, browserVersion: 101.0.4951.64, chrome: {chromedriverVersion: 101.0.4951.41 (93c720db8323..., userDataDir: /var/folders/fc/qxv5mypn205...}, goog:chromeOptions: {debuggerAddress: localhost:52526}, javascriptEnabled: true, networkConnectionEnabled: false, pageLoadStrategy: normal, platform: MAC, platformName: MAC, proxy: Proxy(), se:cdp: ws://localhost:52526/devtoo..., se:cdpVersion: 101.0.4951.64, setWindowRect: true, strictFileInteractability: false, timeouts: {implicit: 0, pageLoad: 300000, script: 30000}, unhandledPromptBehavior: dismiss and notify, webauthn:extension:credBlob: true, webauthn:extension:largeBlob: true, webauthn:virtualAuthenticators: true}
Session ID: ca5699126570aeff4c33ed8ace803bcd expected [false] but found [true]">
      <![CDATA[java.lang.AssertionError: no such alert
  (Session info: chrome=101.0.4951.64)
Build info: version: '4.1.4', revision: '535d840ee2'
System info: host: 'Yaminis-MacBook-Air.local', ip: '2600:8802:180c:8c00:dcfb:454a:9884:b63%en0', os.name: 'Mac OS X', os.arch: 'x86_64', os.version: '12.1', java.version: '11.0.14'
Driver info: org.openqa.selenium.chrome.ChromeDriver
Command: [ca5699126570aeff4c33ed8ace803bcd, getAlertText {}]
Capabilities {acceptInsecureCerts: false, browserName: chrome, browserVersion: 101.0.4951.64, chrome: {chromedriverVersion: 101.0.4951.41 (93c720db8323..., userDataDir: /var/folders/fc/qxv5mypn205...}, goog:chromeOptions: {debuggerAddress: localhost:52526}, javascriptEnabled: true, networkConnectionEnabled: false, pageLoadStrategy: normal, platform: MAC, platformName: MAC, proxy: Proxy(), se:cdp: ws://localhost:52526/devtoo..., se:cdpVersion: 101.0.4951.64, setWindowRect: true, strictFileInteractability: false, timeouts: {implicit: 0, pageLoad: 300000, script: 30000}, unhandledPromptBehavior: dismiss and notify, webauthn:extension:credBlob: true, webauthn:extension:largeBlob: true, webauthn:virtualAuthenticators: true}
Session ID: ca5699126570aeff4c33ed8ace803bcd expected [false] but found [true]
at com.tekarch.tests.AutomationScripts.testCase13(AutomationScripts.java:669)
at java.base/java.util.ArrayList.forEach(ArrayList.java:1541)
... Removed 30 stack frames]]>
    </failure>
  </testcase> <!-- testCase13 -->
  <testcase classname="com.tekarch.tests.AutomationScripts" name="testCase14" time="20.841"/>
  <testcase classname="com.tekarch.tests.AutomationScripts" name="testCase15" time="6.587"/>
  <testcase classname="com.tekarch.tests.AutomationScripts" name="testCase16" time="14.122"/>
  <testcase classname="com.tekarch.tests.AutomationScripts" name="testCase17" time="8.74"/>
  <testcase classname="com.tekarch.tests.AutomationScripts" name="testCase18" time="11.299"/>
  <testcase classname="com.tekarch.tests.AutomationScripts" name="testCase19" time="11.274"/>
  <testcase classname="com.tekarch.tests.AutomationScripts" name="testCase20" time="9.868"/>
  <testcase classname="com.tekarch.tests.AutomationScripts" name="testCase21" time="7.419"/>
  <testcase classname="com.tekarch.tests.AutomationScripts" name="testCase22" time="20.213"/>
  <testcase classname="com.tekarch.tests.AutomationScripts" name="testCase23" time="8.027"/>
  <testcase classname="com.tekarch.tests.AutomationScripts" name="testCase24" time="13.802"/>
  <testcase classname="com.tekarch.tests.AutomationScripts" name="testCase25" time="9.679"/>
  <testcase classname="com.tekarch.tests.AutomationScripts" name="testCase26" time="16.088"/>
  <testcase classname="com.tekarch.tests.AutomationScripts" name="testCase27" time="6.974"/>
  <testcase classname="com.tekarch.tests.AutomationScripts" name="testCase28" time="9.16"/>
  <testcase classname="com.tekarch.tests.AutomationScripts" name="testCase29" time="8.619"/>
  <testcase classname="com.tekarch.tests.AutomationScripts" name="testCase30" time="13.399"/>
  <testcase classname="com.tekarch.tests.AutomationScripts" name="testCase31" time="15.108"/>
  <testcase classname="com.tekarch.tests.AutomationScripts" name="testCase32" time="9.284">
    <failure type="java.lang.AssertionError" message="New Contact Creation Failed.Error: Invalid Data.
Review all error messages below to correct your data. expected [true] but found [false]">
      <![CDATA[java.lang.AssertionError: New Contact Creation Failed.Error: Invalid Data.
Review all error messages below to correct your data. expected [true] but found [false]
at com.tekarch.tests.AutomationScripts.testCase32(AutomationScripts.java:1469)
at java.base/java.util.ArrayList.forEach(ArrayList.java:1541)
... Removed 30 stack frames]]>
    </failure>
  </testcase> <!-- testCase32 -->
  <testcase classname="com.tekarch.tests.AutomationScripts" name="testCase33" time="8.64"/>
  <testcase classname="com.tekarch.tests.AutomationScripts" name="testCase34" time="21.119"/>
  <testcase classname="com.tekarch.tests.AutomationScripts" name="testCase35" time="21.606"/>
  <testcase classname="com.tekarch.tests.AutomationScripts" name="testCase36" time="17.131"/>
  <testcase classname="com.tekarch.tests.AutomationScripts" name="testCase37" time="13.478"/>
</testsuite> <!-- TestChrome -->
